[2024-01-25 13:36:56] local.ERROR: There are no commands defined in the "log" namespace.

Did you mean this?
    activitylog {"exception":"[object] (Symfony\\Component\\Console\\Exception\\NamespaceNotFoundException(code: 0): There are no commands defined in the \"log\" namespace.

Did you mean this?
    activitylog at C:\\laragon\\www\\Real-estate\\vendor\\symfony\\console\\Application.php:669)
[stacktrace]
#0 C:\\laragon\\www\\Real-estate\\vendor\\symfony\\console\\Application.php(720): Symfony\\Component\\Console\\Application->findNamespace('log')
#1 C:\\laragon\\www\\Real-estate\\vendor\\symfony\\console\\Application.php(266): Symfony\\Component\\Console\\Application->find('log:read')
#2 C:\\laragon\\www\\Real-estate\\vendor\\symfony\\console\\Application.php(175): Symfony\\Component\\Console\\Application->doRun(Object(Symfony\\Component\\Console\\Input\\ArgvInput), Object(Symfony\\Component\\Console\\Output\\ConsoleOutput))
#3 C:\\laragon\\www\\Real-estate\\vendor\\laravel\\framework\\src\\Illuminate\\Foundation\\Console\\Kernel.php(201): Symfony\\Component\\Console\\Application->run(Object(Symfony\\Component\\Console\\Input\\ArgvInput), Object(Symfony\\Component\\Console\\Output\\ConsoleOutput))
#4 C:\\laragon\\www\\Real-estate\\artisan(37): Illuminate\\Foundation\\Console\\Kernel->handle(Object(Symfony\\Component\\Console\\Input\\ArgvInput), Object(Symfony\\Component\\Console\\Output\\ConsoleOutput))
#5 {main}
"} 
[2024-01-25 13:37:14] local.ERROR: There are no commands defined in the "log" namespace.

Did you mean this?
    activitylog {"exception":"[object] (Symfony\\Component\\Console\\Exception\\NamespaceNotFoundException(code: 0): There are no commands defined in the \"log\" namespace.

Did you mean this?
    activitylog at C:\\laragon\\www\\Real-estate\\vendor\\symfony\\console\\Application.php:669)
[stacktrace]
#0 C:\\laragon\\www\\Real-estate\\vendor\\symfony\\console\\Application.php(720): Symfony\\Component\\Console\\Application->findNamespace('log')
#1 C:\\laragon\\www\\Real-estate\\vendor\\symfony\\console\\Application.php(266): Symfony\\Component\\Console\\Application->find('log:read')
#2 C:\\laragon\\www\\Real-estate\\vendor\\symfony\\console\\Application.php(175): Symfony\\Component\\Console\\Application->doRun(Object(Symfony\\Component\\Console\\Input\\ArgvInput), Object(Symfony\\Component\\Console\\Output\\ConsoleOutput))
#3 C:\\laragon\\www\\Real-estate\\vendor\\laravel\\framework\\src\\Illuminate\\Foundation\\Console\\Kernel.php(201): Symfony\\Component\\Console\\Application->run(Object(Symfony\\Component\\Console\\Input\\ArgvInput), Object(Symfony\\Component\\Console\\Output\\ConsoleOutput))
#4 C:\\laragon\\www\\Real-estate\\artisan(37): Illuminate\\Foundation\\Console\\Kernel->handle(Object(Symfony\\Component\\Console\\Input\\ArgvInput), Object(Symfony\\Component\\Console\\Output\\ConsoleOutput))
#5 {main}
"} 
[2024-01-25 13:37:20] local.ERROR: There are no commands defined in the "log" namespace.

Did you mean this?
    activitylog {"exception":"[object] (Symfony\\Component\\Console\\Exception\\NamespaceNotFoundException(code: 0): There are no commands defined in the \"log\" namespace.

Did you mean this?
    activitylog at C:\\laragon\\www\\Real-estate\\vendor\\symfony\\console\\Application.php:669)
[stacktrace]
#0 C:\\laragon\\www\\Real-estate\\vendor\\symfony\\console\\Application.php(720): Symfony\\Component\\Console\\Application->findNamespace('log')
#1 C:\\laragon\\www\\Real-estate\\vendor\\symfony\\console\\Application.php(266): Symfony\\Component\\Console\\Application->find('log:read')
#2 C:\\laragon\\www\\Real-estate\\vendor\\symfony\\console\\Application.php(175): Symfony\\Component\\Console\\Application->doRun(Object(Symfony\\Component\\Console\\Input\\ArgvInput), Object(Symfony\\Component\\Console\\Output\\ConsoleOutput))
#3 C:\\laragon\\www\\Real-estate\\vendor\\laravel\\framework\\src\\Illuminate\\Foundation\\Console\\Kernel.php(201): Symfony\\Component\\Console\\Application->run(Object(Symfony\\Component\\Console\\Input\\ArgvInput), Object(Symfony\\Component\\Console\\Output\\ConsoleOutput))
#4 C:\\laragon\\www\\Real-estate\\artisan(37): Illuminate\\Foundation\\Console\\Kernel->handle(Object(Symfony\\Component\\Console\\Input\\ArgvInput), Object(Symfony\\Component\\Console\\Output\\ConsoleOutput))
#5 {main}
"} 
[2024-01-25 13:40:35] local.ERROR: A void function must not return a value {"userId":22,"exception":"[object] (Symfony\\Component\\ErrorHandler\\Error\\FatalError(code: 0): A void function must not return a value at C:\\laragon\\www\\Real-estate\\app\\Listeners\\CheckUserReport.php:41)
[stacktrace]
#0 {main}
"} 
[2024-01-25 14:08:57] local.ERROR: SQLSTATE[HY000]: General error: 1364 Field 'status' doesn't have a default value (Connection: mysql, SQL: insert into `users` (`image`, `name`, `email`, `phone`, `password`, `updated_at`, `created_at`) values (?, tset, tset@gmail.comssssssssssss, 042731523692, $2y$12$mtq2KrbuuNsQlBAQduLAMeHPDKOb3O7v21OhRANh6BzM3vHy44ifm, 2024-01-25 14:08:57, 2024-01-25 14:08:57)) {"exception":"[object] (Illuminate\\Database\\QueryException(code: HY000): SQLSTATE[HY000]: General error: 1364 Field 'status' doesn't have a default value (Connection: mysql, SQL: insert into `users` (`image`, `name`, `email`, `phone`, `password`, `updated_at`, `created_at`) values (?, tset, tset@gmail.comssssssssssss, 042731523692, $2y$12$mtq2KrbuuNsQlBAQduLAMeHPDKOb3O7v21OhRANh6BzM3vHy44ifm, 2024-01-25 14:08:57, 2024-01-25 14:08:57)) at C:\\laragon\\www\\Real-estate\\vendor\\laravel\\framework\\src\\Illuminate\\Database\\Connection.php:822)
[stacktrace]
#0 C:\\laragon\\www\\Real-estate\\vendor\\laravel\\framework\\src\\Illuminate\\Database\\Connection.php(776): Illuminate\\Database\\Connection->runQueryCallback('insert into `us...', Array, Object(Closure))
#1 C:\\laragon\\www\\Real-estate\\vendor\\laravel\\framework\\src\\Illuminate\\Database\\Connection.php(581): Illuminate\\Database\\Connection->run('insert into `us...', Array, Object(Closure))
#2 C:\\laragon\\www\\Real-estate\\vendor\\laravel\\framework\\src\\Illuminate\\Database\\Connection.php(533): Illuminate\\Database\\Connection->statement('insert into `us...', Array)
#3 C:\\laragon\\www\\Real-estate\\vendor\\laravel\\framework\\src\\Illuminate\\Database\\Query\\Processors\\Processor.php(32): Illuminate\\Database\\Connection->insert('insert into `us...', Array)
#4 C:\\laragon\\www\\Real-estate\\vendor\\laravel\\framework\\src\\Illuminate\\Database\\Query\\Builder.php(3387): Illuminate\\Database\\Query\\Processors\\Processor->processInsertGetId(Object(Illuminate\\Database\\Query\\Builder), 'insert into `us...', Array, 'id')
#5 C:\\laragon\\www\\Real-estate\\vendor\\laravel\\framework\\src\\Illuminate\\Database\\Eloquent\\Builder.php(1968): Illuminate\\Database\\Query\\Builder->insertGetId(Array, 'id')
#6 C:\\laragon\\www\\Real-estate\\vendor\\laravel\\framework\\src\\Illuminate\\Database\\Eloquent\\Model.php(1333): Illuminate\\Database\\Eloquent\\Builder->__call('insertGetId', Array)
#7 C:\\laragon\\www\\Real-estate\\vendor\\laravel\\framework\\src\\Illuminate\\Database\\Eloquent\\Model.php(1298): Illuminate\\Database\\Eloquent\\Model->insertAndSetId(Object(Illuminate\\Database\\Eloquent\\Builder), Array)
#8 C:\\laragon\\www\\Real-estate\\vendor\\laravel\\framework\\src\\Illuminate\\Database\\Eloquent\\Model.php(1137): Illuminate\\Database\\Eloquent\\Model->performInsert(Object(Illuminate\\Database\\Eloquent\\Builder))
#9 C:\\laragon\\www\\Real-estate\\vendor\\laravel\\framework\\src\\Illuminate\\Database\\Eloquent\\Builder.php(1023): Illuminate\\Database\\Eloquent\\Model->save()
#10 C:\\laragon\\www\\Real-estate\\vendor\\laravel\\framework\\src\\Illuminate\\Support\\helpers.php(307): Illuminate\\Database\\Eloquent\\Builder->Illuminate\\Database\\Eloquent\\{closure}(Object(App\\Models\\User))
#11 C:\\laragon\\www\\Real-estate\\vendor\\laravel\\framework\\src\\Illuminate\\Database\\Eloquent\\Builder.php(1024): tap(Object(App\\Models\\User), Object(Closure))
#12 C:\\laragon\\www\\Real-estate\\vendor\\laravel\\framework\\src\\Illuminate\\Support\\Traits\\ForwardsCalls.php(23): Illuminate\\Database\\Eloquent\\Builder->create(Array)
#13 C:\\laragon\\www\\Real-estate\\vendor\\laravel\\framework\\src\\Illuminate\\Database\\Eloquent\\Model.php(2334): Illuminate\\Database\\Eloquent\\Model->forwardCallTo(Object(Illuminate\\Database\\Eloquent\\Builder), 'create', Array)
#14 C:\\laragon\\www\\Real-estate\\vendor\\laravel\\framework\\src\\Illuminate\\Database\\Eloquent\\Model.php(2346): Illuminate\\Database\\Eloquent\\Model->__call('create', Array)
#15 C:\\laragon\\www\\Real-estate\\app\\Service\\Frontend\\RegisterService.php(21): Illuminate\\Database\\Eloquent\\Model::__callStatic('create', Array)
#16 C:\\laragon\\www\\Real-estate\\app\\Http\\Controllers\\Frontend\\RegisterController.php(18): App\\Service\\Frontend\\RegisterService->store(Object(App\\Http\\Requests\\Frontend\\RegisterRequest))
#17 C:\\laragon\\www\\Real-estate\\vendor\\laravel\\framework\\src\\Illuminate\\Routing\\Controller.php(54): App\\Http\\Controllers\\Frontend\\RegisterController->__invoke(Object(App\\Http\\Requests\\Frontend\\RegisterRequest), Object(App\\Service\\Frontend\\RegisterService))
#18 C:\\laragon\\www\\Real-estate\\vendor\\laravel\\framework\\src\\Illuminate\\Routing\\ControllerDispatcher.php(43): Illuminate\\Routing\\Controller->callAction('__invoke', Array)
#19 C:\\laragon\\www\\Real-estate\\vendor\\laravel\\framework\\src\\Illuminate\\Routing\\Route.php(260): Illuminate\\Routing\\ControllerDispatcher->dispatch(Object(Illuminate\\Routing\\Route), Object(App\\Http\\Controllers\\Frontend\\RegisterController), '__invoke')
#20 C:\\laragon\\www\\Real-estate\\vendor\\laravel\\framework\\src\\Illuminate\\Routing\\Route.php(205): Illuminate\\Routing\\Route->runController()
#21 C:\\laragon\\www\\Real-estate\\vendor\\laravel\\framework\\src\\Illuminate\\Routing\\Router.php(806): Illuminate\\Routing\\Route->run()
#22 C:\\laragon\\www\\Real-estate\\vendor\\laravel\\framework\\src\\Illuminate\\Pipeline\\Pipeline.php(144): Illuminate\\Routing\\Router->Illuminate\\Routing\\{closure}(Object(Illuminate\\Http\\Request))
#23 C:\\laragon\\www\\Real-estate\\vendor\\laravel\\framework\\src\\Illuminate\\Routing\\Middleware\\SubstituteBindings.php(50): Illuminate\\Pipeline\\Pipeline->Illuminate\\Pipeline\\{closure}(Object(Illuminate\\Http\\Request))
#24 C:\\laragon\\www\\Real-estate\\vendor\\laravel\\framework\\src\\Illuminate\\Pipeline\\Pipeline.php(183): Illuminate\\Routing\\Middleware\\SubstituteBindings->handle(Object(Illuminate\\Http\\Request), Object(Closure))
#25 C:\\laragon\\www\\Real-estate\\vendor\\laravel\\framework\\src\\Illuminate\\Routing\\Middleware\\ThrottleRequests.php(159): Illuminate\\Pipeline\\Pipeline->Illuminate\\Pipeline\\{closure}(Object(Illuminate\\Http\\Request))
#26 C:\\laragon\\www\\Real-estate\\vendor\\laravel\\framework\\src\\Illuminate\\Routing\\Middleware\\ThrottleRequests.php(135): Illuminate\\Routing\\Middleware\\ThrottleRequests->handleRequest(Object(Illuminate\\Http\\Request), Object(Closure), Array)
#27 C:\\laragon\\www\\Real-estate\\vendor\\laravel\\framework\\src\\Illuminate\\Routing\\Middleware\\ThrottleRequests.php(87): Illuminate\\Routing\\Middleware\\ThrottleRequests->handleRequestUsingNamedLimiter(Object(Illuminate\\Http\\Request), Object(Closure), 'api', Object(Closure))
#28 C:\\laragon\\www\\Real-estate\\vendor\\laravel\\framework\\src\\Illuminate\\Pipeline\\Pipeline.php(183): Illuminate\\Routing\\Middleware\\ThrottleRequests->handle(Object(Illuminate\\Http\\Request), Object(Closure), 'api')
#29 C:\\laragon\\www\\Real-estate\\vendor\\laravel\\sanctum\\src\\Http\\Middleware\\EnsureFrontendRequestsAreStateful.php(25): Illuminate\\Pipeline\\Pipeline->Illuminate\\Pipeline\\{closure}(Object(Illuminate\\Http\\Request))
#30 C:\\laragon\\www\\Real-estate\\vendor\\laravel\\framework\\src\\Illuminate\\Pipeline\\Pipeline.php(144): Laravel\\Sanctum\\Http\\Middleware\\EnsureFrontendRequestsAreStateful->Laravel\\Sanctum\\Http\\Middleware\\{closure}(Object(Illuminate\\Http\\Request))
#31 C:\\laragon\\www\\Real-estate\\vendor\\laravel\\framework\\src\\Illuminate\\Pipeline\\Pipeline.php(119): Illuminate\\Pipeline\\Pipeline->Illuminate\\Pipeline\\{closure}(Object(Illuminate\\Http\\Request))
#32 C:\\laragon\\www\\Real-estate\\vendor\\laravel\\sanctum\\src\\Http\\Middleware\\EnsureFrontendRequestsAreStateful.php(26): Illuminate\\Pipeline\\Pipeline->then(Object(Closure))
#33 C:\\laragon\\www\\Real-estate\\vendor\\laravel\\framework\\src\\Illuminate\\Pipeline\\Pipeline.php(183): Laravel\\Sanctum\\Http\\Middleware\\EnsureFrontendRequestsAreStateful->handle(Object(Illuminate\\Http\\Request), Object(Closure))
#34 C:\\laragon\\www\\Real-estate\\vendor\\laravel\\framework\\src\\Illuminate\\Pipeline\\Pipeline.php(119): Illuminate\\Pipeline\\Pipeline->Illuminate\\Pipeline\\{closure}(Object(Illuminate\\Http\\Request))
#35 C:\\laragon\\www\\Real-estate\\vendor\\laravel\\framework\\src\\Illuminate\\Routing\\Router.php(807): Illuminate\\Pipeline\\Pipeline->then(Object(Closure))
#36 C:\\laragon\\www\\Real-estate\\vendor\\laravel\\framework\\src\\Illuminate\\Routing\\Router.php(784): Illuminate\\Routing\\Router->runRouteWithinStack(Object(Illuminate\\Routing\\Route), Object(Illuminate\\Http\\Request))
#37 C:\\laragon\\www\\Real-estate\\vendor\\laravel\\framework\\src\\Illuminate\\Routing\\Router.php(748): Illuminate\\Routing\\Router->runRoute(Object(Illuminate\\Http\\Request), Object(Illuminate\\Routing\\Route))
#38 C:\\laragon\\www\\Real-estate\\vendor\\laravel\\framework\\src\\Illuminate\\Routing\\Router.php(737): Illuminate\\Routing\\Router->dispatchToRoute(Object(Illuminate\\Http\\Request))
#39 C:\\laragon\\www\\Real-estate\\vendor\\laravel\\framework\\src\\Illuminate\\Foundation\\Http\\Kernel.php(200): Illuminate\\Routing\\Router->dispatch(Object(Illuminate\\Http\\Request))
#40 C:\\laragon\\www\\Real-estate\\vendor\\laravel\\framework\\src\\Illuminate\\Pipeline\\Pipeline.php(144): Illuminate\\Foundation\\Http\\Kernel->Illuminate\\Foundation\\Http\\{closure}(Object(Illuminate\\Http\\Request))
#41 C:\\laragon\\www\\Real-estate\\vendor\\laravel\\framework\\src\\Illuminate\\Foundation\\Http\\Middleware\\TransformsRequest.php(21): Illuminate\\Pipeline\\Pipeline->Illuminate\\Pipeline\\{closure}(Object(Illuminate\\Http\\Request))
#42 C:\\laragon\\www\\Real-estate\\vendor\\laravel\\framework\\src\\Illuminate\\Foundation\\Http\\Middleware\\ConvertEmptyStringsToNull.php(31): Illuminate\\Foundation\\Http\\Middleware\\TransformsRequest->handle(Object(Illuminate\\Http\\Request), Object(Closure))
#43 C:\\laragon\\www\\Real-estate\\vendor\\laravel\\framework\\src\\Illuminate\\Pipeline\\Pipeline.php(183): Illuminate\\Foundation\\Http\\Middleware\\ConvertEmptyStringsToNull->handle(Object(Illuminate\\Http\\Request), Object(Closure))
#44 C:\\laragon\\www\\Real-estate\\vendor\\laravel\\framework\\src\\Illuminate\\Foundation\\Http\\Middleware\\TransformsRequest.php(21): Illuminate\\Pipeline\\Pipeline->Illuminate\\Pipeline\\{closure}(Object(Illuminate\\Http\\Request))
#45 C:\\laragon\\www\\Real-estate\\vendor\\laravel\\framework\\src\\Illuminate\\Foundation\\Http\\Middleware\\TrimStrings.php(40): Illuminate\\Foundation\\Http\\Middleware\\TransformsRequest->handle(Object(Illuminate\\Http\\Request), Object(Closure))
#46 C:\\laragon\\www\\Real-estate\\vendor\\laravel\\framework\\src\\Illuminate\\Pipeline\\Pipeline.php(183): Illuminate\\Foundation\\Http\\Middleware\\TrimStrings->handle(Object(Illuminate\\Http\\Request), Object(Closure))
#47 C:\\laragon\\www\\Real-estate\\vendor\\laravel\\framework\\src\\Illuminate\\Foundation\\Http\\Middleware\\ValidatePostSize.php(27): Illuminate\\Pipeline\\Pipeline->Illuminate\\Pipeline\\{closure}(Object(Illuminate\\Http\\Request))
#48 C:\\laragon\\www\\Real-estate\\vendor\\laravel\\framework\\src\\Illuminate\\Pipeline\\Pipeline.php(183): Illuminate\\Foundation\\Http\\Middleware\\ValidatePostSize->handle(Object(Illuminate\\Http\\Request), Object(Closure))
#49 C:\\laragon\\www\\Real-estate\\vendor\\laravel\\framework\\src\\Illuminate\\Foundation\\Http\\Middleware\\PreventRequestsDuringMaintenance.php(99): Illuminate\\Pipeline\\Pipeline->Illuminate\\Pipeline\\{closure}(Object(Illuminate\\Http\\Request))
#50 C:\\laragon\\www\\Real-estate\\vendor\\laravel\\framework\\src\\Illuminate\\Pipeline\\Pipeline.php(183): Illuminate\\Foundation\\Http\\Middleware\\PreventRequestsDuringMaintenance->handle(Object(Illuminate\\Http\\Request), Object(Closure))
#51 C:\\laragon\\www\\Real-estate\\vendor\\laravel\\framework\\src\\Illuminate\\Http\\Middleware\\HandleCors.php(62): Illuminate\\Pipeline\\Pipeline->Illuminate\\Pipeline\\{closure}(Object(Illuminate\\Http\\Request))
#52 C:\\laragon\\www\\Real-estate\\vendor\\laravel\\framework\\src\\Illuminate\\Pipeline\\Pipeline.php(183): Illuminate\\Http\\Middleware\\HandleCors->handle(Object(Illuminate\\Http\\Request), Object(Closure))
#53 C:\\laragon\\www\\Real-estate\\vendor\\laravel\\framework\\src\\Illuminate\\Http\\Middleware\\TrustProxies.php(39): Illuminate\\Pipeline\\Pipeline->Illuminate\\Pipeline\\{closure}(Object(Illuminate\\Http\\Request))
#54 C:\\laragon\\www\\Real-estate\\vendor\\laravel\\framework\\src\\Illuminate\\Pipeline\\Pipeline.php(183): Illuminate\\Http\\Middleware\\TrustProxies->handle(Object(Illuminate\\Http\\Request), Object(Closure))
#55 C:\\laragon\\www\\Real-estate\\vendor\\laravel\\framework\\src\\Illuminate\\Pipeline\\Pipeline.php(119): Illuminate\\Pipeline\\Pipeline->Illuminate\\Pipeline\\{closure}(Object(Illuminate\\Http\\Request))
#56 C:\\laragon\\www\\Real-estate\\vendor\\laravel\\framework\\src\\Illuminate\\Foundation\\Http\\Kernel.php(175): Illuminate\\Pipeline\\Pipeline->then(Object(Closure))
#57 C:\\laragon\\www\\Real-estate\\vendor\\laravel\\framework\\src\\Illuminate\\Foundation\\Http\\Kernel.php(144): Illuminate\\Foundation\\Http\\Kernel->sendRequestThroughRouter(Object(Illuminate\\Http\\Request))
#58 C:\\laragon\\www\\Real-estate\\public\\index.php(52): Illuminate\\Foundation\\Http\\Kernel->handle(Object(Illuminate\\Http\\Request))
#59 C:\\laragon\\www\\Real-estate\\vendor\\laravel\\framework\\src\\Illuminate\\Foundation\\resources\\server.php(16): require_once('C:\\\\laragon\\\\www\\\\...')
#60 {main}

[previous exception] [object] (PDOException(code: HY000): SQLSTATE[HY000]: General error: 1364 Field 'status' doesn't have a default value at C:\\laragon\\www\\Real-estate\\vendor\\laravel\\framework\\src\\Illuminate\\Database\\Connection.php:580)
[stacktrace]
#0 C:\\laragon\\www\\Real-estate\\vendor\\laravel\\framework\\src\\Illuminate\\Database\\Connection.php(580): PDOStatement->execute()
#1 C:\\laragon\\www\\Real-estate\\vendor\\laravel\\framework\\src\\Illuminate\\Database\\Connection.php(809): Illuminate\\Database\\Connection->Illuminate\\Database\\{closure}('insert into `us...', Array)
#2 C:\\laragon\\www\\Real-estate\\vendor\\laravel\\framework\\src\\Illuminate\\Database\\Connection.php(776): Illuminate\\Database\\Connection->runQueryCallback('insert into `us...', Array, Object(Closure))
#3 C:\\laragon\\www\\Real-estate\\vendor\\laravel\\framework\\src\\Illuminate\\Database\\Connection.php(581): Illuminate\\Database\\Connection->run('insert into `us...', Array, Object(Closure))
#4 C:\\laragon\\www\\Real-estate\\vendor\\laravel\\framework\\src\\Illuminate\\Database\\Connection.php(533): Illuminate\\Database\\Connection->statement('insert into `us...', Array)
#5 C:\\laragon\\www\\Real-estate\\vendor\\laravel\\framework\\src\\Illuminate\\Database\\Query\\Processors\\Processor.php(32): Illuminate\\Database\\Connection->insert('insert into `us...', Array)
#6 C:\\laragon\\www\\Real-estate\\vendor\\laravel\\framework\\src\\Illuminate\\Database\\Query\\Builder.php(3387): Illuminate\\Database\\Query\\Processors\\Processor->processInsertGetId(Object(Illuminate\\Database\\Query\\Builder), 'insert into `us...', Array, 'id')
#7 C:\\laragon\\www\\Real-estate\\vendor\\laravel\\framework\\src\\Illuminate\\Database\\Eloquent\\Builder.php(1968): Illuminate\\Database\\Query\\Builder->insertGetId(Array, 'id')
#8 C:\\laragon\\www\\Real-estate\\vendor\\laravel\\framework\\src\\Illuminate\\Database\\Eloquent\\Model.php(1333): Illuminate\\Database\\Eloquent\\Builder->__call('insertGetId', Array)
#9 C:\\laragon\\www\\Real-estate\\vendor\\laravel\\framework\\src\\Illuminate\\Database\\Eloquent\\Model.php(1298): Illuminate\\Database\\Eloquent\\Model->insertAndSetId(Object(Illuminate\\Database\\Eloquent\\Builder), Array)
#10 C:\\laragon\\www\\Real-estate\\vendor\\laravel\\framework\\src\\Illuminate\\Database\\Eloquent\\Model.php(1137): Illuminate\\Database\\Eloquent\\Model->performInsert(Object(Illuminate\\Database\\Eloquent\\Builder))
#11 C:\\laragon\\www\\Real-estate\\vendor\\laravel\\framework\\src\\Illuminate\\Database\\Eloquent\\Builder.php(1023): Illuminate\\Database\\Eloquent\\Model->save()
#12 C:\\laragon\\www\\Real-estate\\vendor\\laravel\\framework\\src\\Illuminate\\Support\\helpers.php(307): Illuminate\\Database\\Eloquent\\Builder->Illuminate\\Database\\Eloquent\\{closure}(Object(App\\Models\\User))
#13 C:\\laragon\\www\\Real-estate\\vendor\\laravel\\framework\\src\\Illuminate\\Database\\Eloquent\\Builder.php(1024): tap(Object(App\\Models\\User), Object(Closure))
#14 C:\\laragon\\www\\Real-estate\\vendor\\laravel\\framework\\src\\Illuminate\\Support\\Traits\\ForwardsCalls.php(23): Illuminate\\Database\\Eloquent\\Builder->create(Array)
#15 C:\\laragon\\www\\Real-estate\\vendor\\laravel\\framework\\src\\Illuminate\\Database\\Eloquent\\Model.php(2334): Illuminate\\Database\\Eloquent\\Model->forwardCallTo(Object(Illuminate\\Database\\Eloquent\\Builder), 'create', Array)
#16 C:\\laragon\\www\\Real-estate\\vendor\\laravel\\framework\\src\\Illuminate\\Database\\Eloquent\\Model.php(2346): Illuminate\\Database\\Eloquent\\Model->__call('create', Array)
#17 C:\\laragon\\www\\Real-estate\\app\\Service\\Frontend\\RegisterService.php(21): Illuminate\\Database\\Eloquent\\Model::__callStatic('create', Array)
#18 C:\\laragon\\www\\Real-estate\\app\\Http\\Controllers\\Frontend\\RegisterController.php(18): App\\Service\\Frontend\\RegisterService->store(Object(App\\Http\\Requests\\Frontend\\RegisterRequest))
#19 C:\\laragon\\www\\Real-estate\\vendor\\laravel\\framework\\src\\Illuminate\\Routing\\Controller.php(54): App\\Http\\Controllers\\Frontend\\RegisterController->__invoke(Object(App\\Http\\Requests\\Frontend\\RegisterRequest), Object(App\\Service\\Frontend\\RegisterService))
#20 C:\\laragon\\www\\Real-estate\\vendor\\laravel\\framework\\src\\Illuminate\\Routing\\ControllerDispatcher.php(43): Illuminate\\Routing\\Controller->callAction('__invoke', Array)
#21 C:\\laragon\\www\\Real-estate\\vendor\\laravel\\framework\\src\\Illuminate\\Routing\\Route.php(260): Illuminate\\Routing\\ControllerDispatcher->dispatch(Object(Illuminate\\Routing\\Route), Object(App\\Http\\Controllers\\Frontend\\RegisterController), '__invoke')
#22 C:\\laragon\\www\\Real-estate\\vendor\\laravel\\framework\\src\\Illuminate\\Routing\\Route.php(205): Illuminate\\Routing\\Route->runController()
#23 C:\\laragon\\www\\Real-estate\\vendor\\laravel\\framework\\src\\Illuminate\\Routing\\Router.php(806): Illuminate\\Routing\\Route->run()
#24 C:\\laragon\\www\\Real-estate\\vendor\\laravel\\framework\\src\\Illuminate\\Pipeline\\Pipeline.php(144): Illuminate\\Routing\\Router->Illuminate\\Routing\\{closure}(Object(Illuminate\\Http\\Request))
#25 C:\\laragon\\www\\Real-estate\\vendor\\laravel\\framework\\src\\Illuminate\\Routing\\Middleware\\SubstituteBindings.php(50): Illuminate\\Pipeline\\Pipeline->Illuminate\\Pipeline\\{closure}(Object(Illuminate\\Http\\Request))
#26 C:\\laragon\\www\\Real-estate\\vendor\\laravel\\framework\\src\\Illuminate\\Pipeline\\Pipeline.php(183): Illuminate\\Routing\\Middleware\\SubstituteBindings->handle(Object(Illuminate\\Http\\Request), Object(Closure))
#27 C:\\laragon\\www\\Real-estate\\vendor\\laravel\\framework\\src\\Illuminate\\Routing\\Middleware\\ThrottleRequests.php(159): Illuminate\\Pipeline\\Pipeline->Illuminate\\Pipeline\\{closure}(Object(Illuminate\\Http\\Request))
#28 C:\\laragon\\www\\Real-estate\\vendor\\laravel\\framework\\src\\Illuminate\\Routing\\Middleware\\ThrottleRequests.php(135): Illuminate\\Routing\\Middleware\\ThrottleRequests->handleRequest(Object(Illuminate\\Http\\Request), Object(Closure), Array)
#29 C:\\laragon\\www\\Real-estate\\vendor\\laravel\\framework\\src\\Illuminate\\Routing\\Middleware\\ThrottleRequests.php(87): Illuminate\\Routing\\Middleware\\ThrottleRequests->handleRequestUsingNamedLimiter(Object(Illuminate\\Http\\Request), Object(Closure), 'api', Object(Closure))
#30 C:\\laragon\\www\\Real-estate\\vendor\\laravel\\framework\\src\\Illuminate\\Pipeline\\Pipeline.php(183): Illuminate\\Routing\\Middleware\\ThrottleRequests->handle(Object(Illuminate\\Http\\Request), Object(Closure), 'api')
#31 C:\\laragon\\www\\Real-estate\\vendor\\laravel\\sanctum\\src\\Http\\Middleware\\EnsureFrontendRequestsAreStateful.php(25): Illuminate\\Pipeline\\Pipeline->Illuminate\\Pipeline\\{closure}(Object(Illuminate\\Http\\Request))
#32 C:\\laragon\\www\\Real-estate\\vendor\\laravel\\framework\\src\\Illuminate\\Pipeline\\Pipeline.php(144): Laravel\\Sanctum\\Http\\Middleware\\EnsureFrontendRequestsAreStateful->Laravel\\Sanctum\\Http\\Middleware\\{closure}(Object(Illuminate\\Http\\Request))
#33 C:\\laragon\\www\\Real-estate\\vendor\\laravel\\framework\\src\\Illuminate\\Pipeline\\Pipeline.php(119): Illuminate\\Pipeline\\Pipeline->Illuminate\\Pipeline\\{closure}(Object(Illuminate\\Http\\Request))
#34 C:\\laragon\\www\\Real-estate\\vendor\\laravel\\sanctum\\src\\Http\\Middleware\\EnsureFrontendRequestsAreStateful.php(26): Illuminate\\Pipeline\\Pipeline->then(Object(Closure))
#35 C:\\laragon\\www\\Real-estate\\vendor\\laravel\\framework\\src\\Illuminate\\Pipeline\\Pipeline.php(183): Laravel\\Sanctum\\Http\\Middleware\\EnsureFrontendRequestsAreStateful->handle(Object(Illuminate\\Http\\Request), Object(Closure))
#36 C:\\laragon\\www\\Real-estate\\vendor\\laravel\\framework\\src\\Illuminate\\Pipeline\\Pipeline.php(119): Illuminate\\Pipeline\\Pipeline->Illuminate\\Pipeline\\{closure}(Object(Illuminate\\Http\\Request))
#37 C:\\laragon\\www\\Real-estate\\vendor\\laravel\\framework\\src\\Illuminate\\Routing\\Router.php(807): Illuminate\\Pipeline\\Pipeline->then(Object(Closure))
#38 C:\\laragon\\www\\Real-estate\\vendor\\laravel\\framework\\src\\Illuminate\\Routing\\Router.php(784): Illuminate\\Routing\\Router->runRouteWithinStack(Object(Illuminate\\Routing\\Route), Object(Illuminate\\Http\\Request))
#39 C:\\laragon\\www\\Real-estate\\vendor\\laravel\\framework\\src\\Illuminate\\Routing\\Router.php(748): Illuminate\\Routing\\Router->runRoute(Object(Illuminate\\Http\\Request), Object(Illuminate\\Routing\\Route))
#40 C:\\laragon\\www\\Real-estate\\vendor\\laravel\\framework\\src\\Illuminate\\Routing\\Router.php(737): Illuminate\\Routing\\Router->dispatchToRoute(Object(Illuminate\\Http\\Request))
#41 C:\\laragon\\www\\Real-estate\\vendor\\laravel\\framework\\src\\Illuminate\\Foundation\\Http\\Kernel.php(200): Illuminate\\Routing\\Router->dispatch(Object(Illuminate\\Http\\Request))
#42 C:\\laragon\\www\\Real-estate\\vendor\\laravel\\framework\\src\\Illuminate\\Pipeline\\Pipeline.php(144): Illuminate\\Foundation\\Http\\Kernel->Illuminate\\Foundation\\Http\\{closure}(Object(Illuminate\\Http\\Request))
#43 C:\\laragon\\www\\Real-estate\\vendor\\laravel\\framework\\src\\Illuminate\\Foundation\\Http\\Middleware\\TransformsRequest.php(21): Illuminate\\Pipeline\\Pipeline->Illuminate\\Pipeline\\{closure}(Object(Illuminate\\Http\\Request))
#44 C:\\laragon\\www\\Real-estate\\vendor\\laravel\\framework\\src\\Illuminate\\Foundation\\Http\\Middleware\\ConvertEmptyStringsToNull.php(31): Illuminate\\Foundation\\Http\\Middleware\\TransformsRequest->handle(Object(Illuminate\\Http\\Request), Object(Closure))
#45 C:\\laragon\\www\\Real-estate\\vendor\\laravel\\framework\\src\\Illuminate\\Pipeline\\Pipeline.php(183): Illuminate\\Foundation\\Http\\Middleware\\ConvertEmptyStringsToNull->handle(Object(Illuminate\\Http\\Request), Object(Closure))
#46 C:\\laragon\\www\\Real-estate\\vendor\\laravel\\framework\\src\\Illuminate\\Foundation\\Http\\Middleware\\TransformsRequest.php(21): Illuminate\\Pipeline\\Pipeline->Illuminate\\Pipeline\\{closure}(Object(Illuminate\\Http\\Request))
#47 C:\\laragon\\www\\Real-estate\\vendor\\laravel\\framework\\src\\Illuminate\\Foundation\\Http\\Middleware\\TrimStrings.php(40): Illuminate\\Foundation\\Http\\Middleware\\TransformsRequest->handle(Object(Illuminate\\Http\\Request), Object(Closure))
#48 C:\\laragon\\www\\Real-estate\\vendor\\laravel\\framework\\src\\Illuminate\\Pipeline\\Pipeline.php(183): Illuminate\\Foundation\\Http\\Middleware\\TrimStrings->handle(Object(Illuminate\\Http\\Request), Object(Closure))
#49 C:\\laragon\\www\\Real-estate\\vendor\\laravel\\framework\\src\\Illuminate\\Foundation\\Http\\Middleware\\ValidatePostSize.php(27): Illuminate\\Pipeline\\Pipeline->Illuminate\\Pipeline\\{closure}(Object(Illuminate\\Http\\Request))
#50 C:\\laragon\\www\\Real-estate\\vendor\\laravel\\framework\\src\\Illuminate\\Pipeline\\Pipeline.php(183): Illuminate\\Foundation\\Http\\Middleware\\ValidatePostSize->handle(Object(Illuminate\\Http\\Request), Object(Closure))
#51 C:\\laragon\\www\\Real-estate\\vendor\\laravel\\framework\\src\\Illuminate\\Foundation\\Http\\Middleware\\PreventRequestsDuringMaintenance.php(99): Illuminate\\Pipeline\\Pipeline->Illuminate\\Pipeline\\{closure}(Object(Illuminate\\Http\\Request))
#52 C:\\laragon\\www\\Real-estate\\vendor\\laravel\\framework\\src\\Illuminate\\Pipeline\\Pipeline.php(183): Illuminate\\Foundation\\Http\\Middleware\\PreventRequestsDuringMaintenance->handle(Object(Illuminate\\Http\\Request), Object(Closure))
#53 C:\\laragon\\www\\Real-estate\\vendor\\laravel\\framework\\src\\Illuminate\\Http\\Middleware\\HandleCors.php(62): Illuminate\\Pipeline\\Pipeline->Illuminate\\Pipeline\\{closure}(Object(Illuminate\\Http\\Request))
#54 C:\\laragon\\www\\Real-estate\\vendor\\laravel\\framework\\src\\Illuminate\\Pipeline\\Pipeline.php(183): Illuminate\\Http\\Middleware\\HandleCors->handle(Object(Illuminate\\Http\\Request), Object(Closure))
#55 C:\\laragon\\www\\Real-estate\\vendor\\laravel\\framework\\src\\Illuminate\\Http\\Middleware\\TrustProxies.php(39): Illuminate\\Pipeline\\Pipeline->Illuminate\\Pipeline\\{closure}(Object(Illuminate\\Http\\Request))
#56 C:\\laragon\\www\\Real-estate\\vendor\\laravel\\framework\\src\\Illuminate\\Pipeline\\Pipeline.php(183): Illuminate\\Http\\Middleware\\TrustProxies->handle(Object(Illuminate\\Http\\Request), Object(Closure))
#57 C:\\laragon\\www\\Real-estate\\vendor\\laravel\\framework\\src\\Illuminate\\Pipeline\\Pipeline.php(119): Illuminate\\Pipeline\\Pipeline->Illuminate\\Pipeline\\{closure}(Object(Illuminate\\Http\\Request))
#58 C:\\laragon\\www\\Real-estate\\vendor\\laravel\\framework\\src\\Illuminate\\Foundation\\Http\\Kernel.php(175): Illuminate\\Pipeline\\Pipeline->then(Object(Closure))
#59 C:\\laragon\\www\\Real-estate\\vendor\\laravel\\framework\\src\\Illuminate\\Foundation\\Http\\Kernel.php(144): Illuminate\\Foundation\\Http\\Kernel->sendRequestThroughRouter(Object(Illuminate\\Http\\Request))
#60 C:\\laragon\\www\\Real-estate\\public\\index.php(52): Illuminate\\Foundation\\Http\\Kernel->handle(Object(Illuminate\\Http\\Request))
#61 C:\\laragon\\www\\Real-estate\\vendor\\laravel\\framework\\src\\Illuminate\\Foundation\\resources\\server.php(16): require_once('C:\\\\laragon\\\\www\\\\...')
#62 {main}
"} 
[2024-01-25 14:10:28] local.ERROR: SQLSTATE[42S02]: Base table or view not found: 1146 Table 'real-estate.jobs' doesn't exist (Connection: mysql, SQL: select * from `jobs` where `queue` = default and ((`reserved_at` is null and `available_at` <= 1706191828) or (`reserved_at` <= 1706191738)) order by `id` asc limit 1 FOR UPDATE SKIP LOCKED) {"exception":"[object] (Illuminate\\Database\\QueryException(code: 42S02): SQLSTATE[42S02]: Base table or view not found: 1146 Table 'real-estate.jobs' doesn't exist (Connection: mysql, SQL: select * from `jobs` where `queue` = default and ((`reserved_at` is null and `available_at` <= 1706191828) or (`reserved_at` <= 1706191738)) order by `id` asc limit 1 FOR UPDATE SKIP LOCKED) at C:\\laragon\\www\\Real-estate\\vendor\\laravel\\framework\\src\\Illuminate\\Database\\Connection.php:822)
[stacktrace]
#0 C:\\laragon\\www\\Real-estate\\vendor\\laravel\\framework\\src\\Illuminate\\Database\\Connection.php(776): Illuminate\\Database\\Connection->runQueryCallback('select * from `...', Array, Object(Closure))
#1 C:\\laragon\\www\\Real-estate\\vendor\\laravel\\framework\\src\\Illuminate\\Database\\Connection.php(424): Illuminate\\Database\\Connection->run('select * from `...', Array, Object(Closure))
#2 C:\\laragon\\www\\Real-estate\\vendor\\laravel\\framework\\src\\Illuminate\\Database\\Query\\Builder.php(2752): Illuminate\\Database\\Connection->select('select * from `...', Array, false)
#3 C:\\laragon\\www\\Real-estate\\vendor\\laravel\\framework\\src\\Illuminate\\Database\\Query\\Builder.php(2740): Illuminate\\Database\\Query\\Builder->runSelect()
#4 C:\\laragon\\www\\Real-estate\\vendor\\laravel\\framework\\src\\Illuminate\\Database\\Query\\Builder.php(3294): Illuminate\\Database\\Query\\Builder->Illuminate\\Database\\Query\\{closure}()
#5 C:\\laragon\\www\\Real-estate\\vendor\\laravel\\framework\\src\\Illuminate\\Database\\Query\\Builder.php(2741): Illuminate\\Database\\Query\\Builder->onceWithColumns(Array, Object(Closure))
#6 C:\\laragon\\www\\Real-estate\\vendor\\laravel\\framework\\src\\Illuminate\\Database\\Concerns\\BuildsQueries.php(333): Illuminate\\Database\\Query\\Builder->get(Array)
#7 C:\\laragon\\www\\Real-estate\\vendor\\laravel\\framework\\src\\Illuminate\\Queue\\DatabaseQueue.php(246): Illuminate\\Database\\Query\\Builder->first()
#8 C:\\laragon\\www\\Real-estate\\vendor\\laravel\\framework\\src\\Illuminate\\Queue\\DatabaseQueue.php(224): Illuminate\\Queue\\DatabaseQueue->getNextAvailableJob('default')
#9 C:\\laragon\\www\\Real-estate\\vendor\\laravel\\framework\\src\\Illuminate\\Database\\Concerns\\ManagesTransactions.php(30): Illuminate\\Queue\\DatabaseQueue->Illuminate\\Queue\\{closure}(Object(Illuminate\\Database\\MySqlConnection))
#10 C:\\laragon\\www\\Real-estate\\vendor\\laravel\\framework\\src\\Illuminate\\Queue\\DatabaseQueue.php(227): Illuminate\\Database\\Connection->transaction(Object(Closure))
#11 C:\\laragon\\www\\Real-estate\\vendor\\laravel\\framework\\src\\Illuminate\\Queue\\Worker.php(349): Illuminate\\Queue\\DatabaseQueue->pop('default')
#12 C:\\laragon\\www\\Real-estate\\vendor\\laravel\\framework\\src\\Illuminate\\Queue\\Worker.php(363): Illuminate\\Queue\\Worker->Illuminate\\Queue\\{closure}('default')
#13 C:\\laragon\\www\\Real-estate\\vendor\\laravel\\framework\\src\\Illuminate\\Queue\\Worker.php(163): Illuminate\\Queue\\Worker->getNextJob(Object(Illuminate\\Queue\\DatabaseQueue), 'default')
#14 C:\\laragon\\www\\Real-estate\\vendor\\laravel\\framework\\src\\Illuminate\\Queue\\Console\\WorkCommand.php(138): Illuminate\\Queue\\Worker->daemon('database', 'default', Object(Illuminate\\Queue\\WorkerOptions))
#15 C:\\laragon\\www\\Real-estate\\vendor\\laravel\\framework\\src\\Illuminate\\Queue\\Console\\WorkCommand.php(121): Illuminate\\Queue\\Console\\WorkCommand->runWorker('database', 'default')
#16 C:\\laragon\\www\\Real-estate\\vendor\\laravel\\framework\\src\\Illuminate\\Container\\BoundMethod.php(36): Illuminate\\Queue\\Console\\WorkCommand->handle()
#17 C:\\laragon\\www\\Real-estate\\vendor\\laravel\\framework\\src\\Illuminate\\Container\\Util.php(41): Illuminate\\Container\\BoundMethod::Illuminate\\Container\\{closure}()
#18 C:\\laragon\\www\\Real-estate\\vendor\\laravel\\framework\\src\\Illuminate\\Container\\BoundMethod.php(93): Illuminate\\Container\\Util::unwrapIfClosure(Object(Closure))
#19 C:\\laragon\\www\\Real-estate\\vendor\\laravel\\framework\\src\\Illuminate\\Container\\BoundMethod.php(37): Illuminate\\Container\\BoundMethod::callBoundMethod(Object(Illuminate\\Foundation\\Application), Array, Object(Closure))
#20 C:\\laragon\\www\\Real-estate\\vendor\\laravel\\framework\\src\\Illuminate\\Container\\Container.php(662): Illuminate\\Container\\BoundMethod::call(Object(Illuminate\\Foundation\\Application), Array, Array, NULL)
#21 C:\\laragon\\www\\Real-estate\\vendor\\laravel\\framework\\src\\Illuminate\\Console\\Command.php(211): Illuminate\\Container\\Container->call(Array)
#22 C:\\laragon\\www\\Real-estate\\vendor\\symfony\\console\\Command\\Command.php(326): Illuminate\\Console\\Command->execute(Object(Symfony\\Component\\Console\\Input\\ArgvInput), Object(Illuminate\\Console\\OutputStyle))
#23 C:\\laragon\\www\\Real-estate\\vendor\\laravel\\framework\\src\\Illuminate\\Console\\Command.php(181): Symfony\\Component\\Console\\Command\\Command->run(Object(Symfony\\Component\\Console\\Input\\ArgvInput), Object(Illuminate\\Console\\OutputStyle))
#24 C:\\laragon\\www\\Real-estate\\vendor\\symfony\\console\\Application.php(1096): Illuminate\\Console\\Command->run(Object(Symfony\\Component\\Console\\Input\\ArgvInput), Object(Symfony\\Component\\Console\\Output\\ConsoleOutput))
#25 C:\\laragon\\www\\Real-estate\\vendor\\symfony\\console\\Application.php(324): Symfony\\Component\\Console\\Application->doRunCommand(Object(Illuminate\\Queue\\Console\\WorkCommand), Object(Symfony\\Component\\Console\\Input\\ArgvInput), Object(Symfony\\Component\\Console\\Output\\ConsoleOutput))
#26 C:\\laragon\\www\\Real-estate\\vendor\\symfony\\console\\Application.php(175): Symfony\\Component\\Console\\Application->doRun(Object(Symfony\\Component\\Console\\Input\\ArgvInput), Object(Symfony\\Component\\Console\\Output\\ConsoleOutput))
#27 C:\\laragon\\www\\Real-estate\\vendor\\laravel\\framework\\src\\Illuminate\\Foundation\\Console\\Kernel.php(201): Symfony\\Component\\Console\\Application->run(Object(Symfony\\Component\\Console\\Input\\ArgvInput), Object(Symfony\\Component\\Console\\Output\\ConsoleOutput))
#28 C:\\laragon\\www\\Real-estate\\artisan(37): Illuminate\\Foundation\\Console\\Kernel->handle(Object(Symfony\\Component\\Console\\Input\\ArgvInput), Object(Symfony\\Component\\Console\\Output\\ConsoleOutput))
#29 {main}

[previous exception] [object] (PDOException(code: 42S02): SQLSTATE[42S02]: Base table or view not found: 1146 Table 'real-estate.jobs' doesn't exist at C:\\laragon\\www\\Real-estate\\vendor\\laravel\\framework\\src\\Illuminate\\Database\\Connection.php:416)
[stacktrace]
#0 C:\\laragon\\www\\Real-estate\\vendor\\laravel\\framework\\src\\Illuminate\\Database\\Connection.php(416): PDO->prepare('select * from `...')
#1 C:\\laragon\\www\\Real-estate\\vendor\\laravel\\framework\\src\\Illuminate\\Database\\Connection.php(809): Illuminate\\Database\\Connection->Illuminate\\Database\\{closure}('select * from `...', Array)
#2 C:\\laragon\\www\\Real-estate\\vendor\\laravel\\framework\\src\\Illuminate\\Database\\Connection.php(776): Illuminate\\Database\\Connection->runQueryCallback('select * from `...', Array, Object(Closure))
#3 C:\\laragon\\www\\Real-estate\\vendor\\laravel\\framework\\src\\Illuminate\\Database\\Connection.php(424): Illuminate\\Database\\Connection->run('select * from `...', Array, Object(Closure))
#4 C:\\laragon\\www\\Real-estate\\vendor\\laravel\\framework\\src\\Illuminate\\Database\\Query\\Builder.php(2752): Illuminate\\Database\\Connection->select('select * from `...', Array, false)
#5 C:\\laragon\\www\\Real-estate\\vendor\\laravel\\framework\\src\\Illuminate\\Database\\Query\\Builder.php(2740): Illuminate\\Database\\Query\\Builder->runSelect()
#6 C:\\laragon\\www\\Real-estate\\vendor\\laravel\\framework\\src\\Illuminate\\Database\\Query\\Builder.php(3294): Illuminate\\Database\\Query\\Builder->Illuminate\\Database\\Query\\{closure}()
#7 C:\\laragon\\www\\Real-estate\\vendor\\laravel\\framework\\src\\Illuminate\\Database\\Query\\Builder.php(2741): Illuminate\\Database\\Query\\Builder->onceWithColumns(Array, Object(Closure))
#8 C:\\laragon\\www\\Real-estate\\vendor\\laravel\\framework\\src\\Illuminate\\Database\\Concerns\\BuildsQueries.php(333): Illuminate\\Database\\Query\\Builder->get(Array)
#9 C:\\laragon\\www\\Real-estate\\vendor\\laravel\\framework\\src\\Illuminate\\Queue\\DatabaseQueue.php(246): Illuminate\\Database\\Query\\Builder->first()
#10 C:\\laragon\\www\\Real-estate\\vendor\\laravel\\framework\\src\\Illuminate\\Queue\\DatabaseQueue.php(224): Illuminate\\Queue\\DatabaseQueue->getNextAvailableJob('default')
#11 C:\\laragon\\www\\Real-estate\\vendor\\laravel\\framework\\src\\Illuminate\\Database\\Concerns\\ManagesTransactions.php(30): Illuminate\\Queue\\DatabaseQueue->Illuminate\\Queue\\{closure}(Object(Illuminate\\Database\\MySqlConnection))
#12 C:\\laragon\\www\\Real-estate\\vendor\\laravel\\framework\\src\\Illuminate\\Queue\\DatabaseQueue.php(227): Illuminate\\Database\\Connection->transaction(Object(Closure))
#13 C:\\laragon\\www\\Real-estate\\vendor\\laravel\\framework\\src\\Illuminate\\Queue\\Worker.php(349): Illuminate\\Queue\\DatabaseQueue->pop('default')
#14 C:\\laragon\\www\\Real-estate\\vendor\\laravel\\framework\\src\\Illuminate\\Queue\\Worker.php(363): Illuminate\\Queue\\Worker->Illuminate\\Queue\\{closure}('default')
#15 C:\\laragon\\www\\Real-estate\\vendor\\laravel\\framework\\src\\Illuminate\\Queue\\Worker.php(163): Illuminate\\Queue\\Worker->getNextJob(Object(Illuminate\\Queue\\DatabaseQueue), 'default')
#16 C:\\laragon\\www\\Real-estate\\vendor\\laravel\\framework\\src\\Illuminate\\Queue\\Console\\WorkCommand.php(138): Illuminate\\Queue\\Worker->daemon('database', 'default', Object(Illuminate\\Queue\\WorkerOptions))
#17 C:\\laragon\\www\\Real-estate\\vendor\\laravel\\framework\\src\\Illuminate\\Queue\\Console\\WorkCommand.php(121): Illuminate\\Queue\\Console\\WorkCommand->runWorker('database', 'default')
#18 C:\\laragon\\www\\Real-estate\\vendor\\laravel\\framework\\src\\Illuminate\\Container\\BoundMethod.php(36): Illuminate\\Queue\\Console\\WorkCommand->handle()
#19 C:\\laragon\\www\\Real-estate\\vendor\\laravel\\framework\\src\\Illuminate\\Container\\Util.php(41): Illuminate\\Container\\BoundMethod::Illuminate\\Container\\{closure}()
#20 C:\\laragon\\www\\Real-estate\\vendor\\laravel\\framework\\src\\Illuminate\\Container\\BoundMethod.php(93): Illuminate\\Container\\Util::unwrapIfClosure(Object(Closure))
#21 C:\\laragon\\www\\Real-estate\\vendor\\laravel\\framework\\src\\Illuminate\\Container\\BoundMethod.php(37): Illuminate\\Container\\BoundMethod::callBoundMethod(Object(Illuminate\\Foundation\\Application), Array, Object(Closure))
#22 C:\\laragon\\www\\Real-estate\\vendor\\laravel\\framework\\src\\Illuminate\\Container\\Container.php(662): Illuminate\\Container\\BoundMethod::call(Object(Illuminate\\Foundation\\Application), Array, Array, NULL)
#23 C:\\laragon\\www\\Real-estate\\vendor\\laravel\\framework\\src\\Illuminate\\Console\\Command.php(211): Illuminate\\Container\\Container->call(Array)
#24 C:\\laragon\\www\\Real-estate\\vendor\\symfony\\console\\Command\\Command.php(326): Illuminate\\Console\\Command->execute(Object(Symfony\\Component\\Console\\Input\\ArgvInput), Object(Illuminate\\Console\\OutputStyle))
#25 C:\\laragon\\www\\Real-estate\\vendor\\laravel\\framework\\src\\Illuminate\\Console\\Command.php(181): Symfony\\Component\\Console\\Command\\Command->run(Object(Symfony\\Component\\Console\\Input\\ArgvInput), Object(Illuminate\\Console\\OutputStyle))
#26 C:\\laragon\\www\\Real-estate\\vendor\\symfony\\console\\Application.php(1096): Illuminate\\Console\\Command->run(Object(Symfony\\Component\\Console\\Input\\ArgvInput), Object(Symfony\\Component\\Console\\Output\\ConsoleOutput))
#27 C:\\laragon\\www\\Real-estate\\vendor\\symfony\\console\\Application.php(324): Symfony\\Component\\Console\\Application->doRunCommand(Object(Illuminate\\Queue\\Console\\WorkCommand), Object(Symfony\\Component\\Console\\Input\\ArgvInput), Object(Symfony\\Component\\Console\\Output\\ConsoleOutput))
#28 C:\\laragon\\www\\Real-estate\\vendor\\symfony\\console\\Application.php(175): Symfony\\Component\\Console\\Application->doRun(Object(Symfony\\Component\\Console\\Input\\ArgvInput), Object(Symfony\\Component\\Console\\Output\\ConsoleOutput))
#29 C:\\laragon\\www\\Real-estate\\vendor\\laravel\\framework\\src\\Illuminate\\Foundation\\Console\\Kernel.php(201): Symfony\\Component\\Console\\Application->run(Object(Symfony\\Component\\Console\\Input\\ArgvInput), Object(Symfony\\Component\\Console\\Output\\ConsoleOutput))
#30 C:\\laragon\\www\\Real-estate\\artisan(37): Illuminate\\Foundation\\Console\\Kernel->handle(Object(Symfony\\Component\\Console\\Input\\ArgvInput), Object(Symfony\\Component\\Console\\Output\\ConsoleOutput))
#31 {main}
"} 
[2024-01-25 14:18:25] local.ERROR: App\Jobs\RegistrationAgora::failed(): Argument #1 ($e) must be of type PHPUnit\Event\Code\Throwable, GuzzleHttp\Exception\ClientException given, called in C:\laragon\www\Real-estate\vendor\laravel\framework\src\Illuminate\Queue\CallQueuedHandler.php on line 260 {"exception":"[object] (TypeError(code: 0): App\\Jobs\\RegistrationAgora::failed(): Argument #1 ($e) must be of type PHPUnit\\Event\\Code\\Throwable, GuzzleHttp\\Exception\\ClientException given, called in C:\\laragon\\www\\Real-estate\\vendor\\laravel\\framework\\src\\Illuminate\\Queue\\CallQueuedHandler.php on line 260 at C:\\laragon\\www\\Real-estate\\app\\Jobs\\RegistrationAgora.php:60)
[stacktrace]
#0 C:\\laragon\\www\\Real-estate\\vendor\\laravel\\framework\\src\\Illuminate\\Queue\\CallQueuedHandler.php(260): App\\Jobs\\RegistrationAgora->failed(Object(GuzzleHttp\\Exception\\ClientException))
#1 C:\\laragon\\www\\Real-estate\\vendor\\laravel\\framework\\src\\Illuminate\\Queue\\Jobs\\Job.php(236): Illuminate\\Queue\\CallQueuedHandler->failed(Array, Object(GuzzleHttp\\Exception\\ClientException), '320651f1-0ab3-4...')
#2 C:\\laragon\\www\\Real-estate\\vendor\\laravel\\framework\\src\\Illuminate\\Queue\\Jobs\\Job.php(215): Illuminate\\Queue\\Jobs\\Job->failed(Object(GuzzleHttp\\Exception\\ClientException))
#3 C:\\laragon\\www\\Real-estate\\vendor\\laravel\\framework\\src\\Illuminate\\Queue\\Worker.php(596): Illuminate\\Queue\\Jobs\\Job->fail(Object(GuzzleHttp\\Exception\\ClientException))
#4 C:\\laragon\\www\\Real-estate\\vendor\\laravel\\framework\\src\\Illuminate\\Queue\\Worker.php(542): Illuminate\\Queue\\Worker->failJob(Object(Illuminate\\Queue\\Jobs\\DatabaseJob), Object(GuzzleHttp\\Exception\\ClientException))
#5 C:\\laragon\\www\\Real-estate\\vendor\\laravel\\framework\\src\\Illuminate\\Queue\\Worker.php(466): Illuminate\\Queue\\Worker->markJobAsFailedIfWillExceedMaxAttempts('database', Object(Illuminate\\Queue\\Jobs\\DatabaseJob), 1, Object(GuzzleHttp\\Exception\\ClientException))
#6 C:\\laragon\\www\\Real-estate\\vendor\\laravel\\framework\\src\\Illuminate\\Queue\\Worker.php(443): Illuminate\\Queue\\Worker->handleJobException('database', Object(Illuminate\\Queue\\Jobs\\DatabaseJob), Object(Illuminate\\Queue\\WorkerOptions), Object(GuzzleHttp\\Exception\\ClientException))
#7 C:\\laragon\\www\\Real-estate\\vendor\\laravel\\framework\\src\\Illuminate\\Queue\\Worker.php(389): Illuminate\\Queue\\Worker->process('database', Object(Illuminate\\Queue\\Jobs\\DatabaseJob), Object(Illuminate\\Queue\\WorkerOptions))
#8 C:\\laragon\\www\\Real-estate\\vendor\\laravel\\framework\\src\\Illuminate\\Queue\\Worker.php(176): Illuminate\\Queue\\Worker->runJob(Object(Illuminate\\Queue\\Jobs\\DatabaseJob), 'database', Object(Illuminate\\Queue\\WorkerOptions))
#9 C:\\laragon\\www\\Real-estate\\vendor\\laravel\\framework\\src\\Illuminate\\Queue\\Console\\WorkCommand.php(138): Illuminate\\Queue\\Worker->daemon('database', 'default', Object(Illuminate\\Queue\\WorkerOptions))
#10 C:\\laragon\\www\\Real-estate\\vendor\\laravel\\framework\\src\\Illuminate\\Queue\\Console\\WorkCommand.php(121): Illuminate\\Queue\\Console\\WorkCommand->runWorker('database', 'default')
#11 C:\\laragon\\www\\Real-estate\\vendor\\laravel\\framework\\src\\Illuminate\\Container\\BoundMethod.php(36): Illuminate\\Queue\\Console\\WorkCommand->handle()
#12 C:\\laragon\\www\\Real-estate\\vendor\\laravel\\framework\\src\\Illuminate\\Container\\Util.php(41): Illuminate\\Container\\BoundMethod::Illuminate\\Container\\{closure}()
#13 C:\\laragon\\www\\Real-estate\\vendor\\laravel\\framework\\src\\Illuminate\\Container\\BoundMethod.php(93): Illuminate\\Container\\Util::unwrapIfClosure(Object(Closure))
#14 C:\\laragon\\www\\Real-estate\\vendor\\laravel\\framework\\src\\Illuminate\\Container\\BoundMethod.php(37): Illuminate\\Container\\BoundMethod::callBoundMethod(Object(Illuminate\\Foundation\\Application), Array, Object(Closure))
#15 C:\\laragon\\www\\Real-estate\\vendor\\laravel\\framework\\src\\Illuminate\\Container\\Container.php(662): Illuminate\\Container\\BoundMethod::call(Object(Illuminate\\Foundation\\Application), Array, Array, NULL)
#16 C:\\laragon\\www\\Real-estate\\vendor\\laravel\\framework\\src\\Illuminate\\Console\\Command.php(211): Illuminate\\Container\\Container->call(Array)
#17 C:\\laragon\\www\\Real-estate\\vendor\\symfony\\console\\Command\\Command.php(326): Illuminate\\Console\\Command->execute(Object(Symfony\\Component\\Console\\Input\\ArgvInput), Object(Illuminate\\Console\\OutputStyle))
#18 C:\\laragon\\www\\Real-estate\\vendor\\laravel\\framework\\src\\Illuminate\\Console\\Command.php(181): Symfony\\Component\\Console\\Command\\Command->run(Object(Symfony\\Component\\Console\\Input\\ArgvInput), Object(Illuminate\\Console\\OutputStyle))
#19 C:\\laragon\\www\\Real-estate\\vendor\\symfony\\console\\Application.php(1096): Illuminate\\Console\\Command->run(Object(Symfony\\Component\\Console\\Input\\ArgvInput), Object(Symfony\\Component\\Console\\Output\\ConsoleOutput))
#20 C:\\laragon\\www\\Real-estate\\vendor\\symfony\\console\\Application.php(324): Symfony\\Component\\Console\\Application->doRunCommand(Object(Illuminate\\Queue\\Console\\WorkCommand), Object(Symfony\\Component\\Console\\Input\\ArgvInput), Object(Symfony\\Component\\Console\\Output\\ConsoleOutput))
#21 C:\\laragon\\www\\Real-estate\\vendor\\symfony\\console\\Application.php(175): Symfony\\Component\\Console\\Application->doRun(Object(Symfony\\Component\\Console\\Input\\ArgvInput), Object(Symfony\\Component\\Console\\Output\\ConsoleOutput))
#22 C:\\laragon\\www\\Real-estate\\vendor\\laravel\\framework\\src\\Illuminate\\Foundation\\Console\\Kernel.php(201): Symfony\\Component\\Console\\Application->run(Object(Symfony\\Component\\Console\\Input\\ArgvInput), Object(Symfony\\Component\\Console\\Output\\ConsoleOutput))
#23 C:\\laragon\\www\\Real-estate\\artisan(37): Illuminate\\Foundation\\Console\\Kernel->handle(Object(Symfony\\Component\\Console\\Input\\ArgvInput), Object(Symfony\\Component\\Console\\Output\\ConsoleOutput))
#24 {main}
"} 
[2024-01-25 14:18:47] local.ERROR: App\Jobs\RegistrationAgora::failed(): Argument #1 ($e) must be of type PHPUnit\Event\Code\Throwable, GuzzleHttp\Exception\ClientException given, called in C:\laragon\www\Real-estate\vendor\laravel\framework\src\Illuminate\Queue\CallQueuedHandler.php on line 260 {"exception":"[object] (TypeError(code: 0): App\\Jobs\\RegistrationAgora::failed(): Argument #1 ($e) must be of type PHPUnit\\Event\\Code\\Throwable, GuzzleHttp\\Exception\\ClientException given, called in C:\\laragon\\www\\Real-estate\\vendor\\laravel\\framework\\src\\Illuminate\\Queue\\CallQueuedHandler.php on line 260 at C:\\laragon\\www\\Real-estate\\app\\Jobs\\RegistrationAgora.php:60)
[stacktrace]
#0 C:\\laragon\\www\\Real-estate\\vendor\\laravel\\framework\\src\\Illuminate\\Queue\\CallQueuedHandler.php(260): App\\Jobs\\RegistrationAgora->failed(Object(GuzzleHttp\\Exception\\ClientException))
#1 C:\\laragon\\www\\Real-estate\\vendor\\laravel\\framework\\src\\Illuminate\\Queue\\Jobs\\Job.php(236): Illuminate\\Queue\\CallQueuedHandler->failed(Array, Object(GuzzleHttp\\Exception\\ClientException), '0cd8a53e-01ef-4...')
#2 C:\\laragon\\www\\Real-estate\\vendor\\laravel\\framework\\src\\Illuminate\\Queue\\Jobs\\Job.php(215): Illuminate\\Queue\\Jobs\\Job->failed(Object(GuzzleHttp\\Exception\\ClientException))
#3 C:\\laragon\\www\\Real-estate\\vendor\\laravel\\framework\\src\\Illuminate\\Queue\\Worker.php(596): Illuminate\\Queue\\Jobs\\Job->fail(Object(GuzzleHttp\\Exception\\ClientException))
#4 C:\\laragon\\www\\Real-estate\\vendor\\laravel\\framework\\src\\Illuminate\\Queue\\Worker.php(542): Illuminate\\Queue\\Worker->failJob(Object(Illuminate\\Queue\\Jobs\\DatabaseJob), Object(GuzzleHttp\\Exception\\ClientException))
#5 C:\\laragon\\www\\Real-estate\\vendor\\laravel\\framework\\src\\Illuminate\\Queue\\Worker.php(466): Illuminate\\Queue\\Worker->markJobAsFailedIfWillExceedMaxAttempts('database', Object(Illuminate\\Queue\\Jobs\\DatabaseJob), 1, Object(GuzzleHttp\\Exception\\ClientException))
#6 C:\\laragon\\www\\Real-estate\\vendor\\laravel\\framework\\src\\Illuminate\\Queue\\Worker.php(443): Illuminate\\Queue\\Worker->handleJobException('database', Object(Illuminate\\Queue\\Jobs\\DatabaseJob), Object(Illuminate\\Queue\\WorkerOptions), Object(GuzzleHttp\\Exception\\ClientException))
#7 C:\\laragon\\www\\Real-estate\\vendor\\laravel\\framework\\src\\Illuminate\\Queue\\Worker.php(389): Illuminate\\Queue\\Worker->process('database', Object(Illuminate\\Queue\\Jobs\\DatabaseJob), Object(Illuminate\\Queue\\WorkerOptions))
#8 C:\\laragon\\www\\Real-estate\\vendor\\laravel\\framework\\src\\Illuminate\\Queue\\Worker.php(176): Illuminate\\Queue\\Worker->runJob(Object(Illuminate\\Queue\\Jobs\\DatabaseJob), 'database', Object(Illuminate\\Queue\\WorkerOptions))
#9 C:\\laragon\\www\\Real-estate\\vendor\\laravel\\framework\\src\\Illuminate\\Queue\\Console\\WorkCommand.php(138): Illuminate\\Queue\\Worker->daemon('database', 'default', Object(Illuminate\\Queue\\WorkerOptions))
#10 C:\\laragon\\www\\Real-estate\\vendor\\laravel\\framework\\src\\Illuminate\\Queue\\Console\\WorkCommand.php(121): Illuminate\\Queue\\Console\\WorkCommand->runWorker('database', 'default')
#11 C:\\laragon\\www\\Real-estate\\vendor\\laravel\\framework\\src\\Illuminate\\Container\\BoundMethod.php(36): Illuminate\\Queue\\Console\\WorkCommand->handle()
#12 C:\\laragon\\www\\Real-estate\\vendor\\laravel\\framework\\src\\Illuminate\\Container\\Util.php(41): Illuminate\\Container\\BoundMethod::Illuminate\\Container\\{closure}()
#13 C:\\laragon\\www\\Real-estate\\vendor\\laravel\\framework\\src\\Illuminate\\Container\\BoundMethod.php(93): Illuminate\\Container\\Util::unwrapIfClosure(Object(Closure))
#14 C:\\laragon\\www\\Real-estate\\vendor\\laravel\\framework\\src\\Illuminate\\Container\\BoundMethod.php(37): Illuminate\\Container\\BoundMethod::callBoundMethod(Object(Illuminate\\Foundation\\Application), Array, Object(Closure))
#15 C:\\laragon\\www\\Real-estate\\vendor\\laravel\\framework\\src\\Illuminate\\Container\\Container.php(662): Illuminate\\Container\\BoundMethod::call(Object(Illuminate\\Foundation\\Application), Array, Array, NULL)
#16 C:\\laragon\\www\\Real-estate\\vendor\\laravel\\framework\\src\\Illuminate\\Console\\Command.php(211): Illuminate\\Container\\Container->call(Array)
#17 C:\\laragon\\www\\Real-estate\\vendor\\symfony\\console\\Command\\Command.php(326): Illuminate\\Console\\Command->execute(Object(Symfony\\Component\\Console\\Input\\ArgvInput), Object(Illuminate\\Console\\OutputStyle))
#18 C:\\laragon\\www\\Real-estate\\vendor\\laravel\\framework\\src\\Illuminate\\Console\\Command.php(181): Symfony\\Component\\Console\\Command\\Command->run(Object(Symfony\\Component\\Console\\Input\\ArgvInput), Object(Illuminate\\Console\\OutputStyle))
#19 C:\\laragon\\www\\Real-estate\\vendor\\symfony\\console\\Application.php(1096): Illuminate\\Console\\Command->run(Object(Symfony\\Component\\Console\\Input\\ArgvInput), Object(Symfony\\Component\\Console\\Output\\ConsoleOutput))
#20 C:\\laragon\\www\\Real-estate\\vendor\\symfony\\console\\Application.php(324): Symfony\\Component\\Console\\Application->doRunCommand(Object(Illuminate\\Queue\\Console\\WorkCommand), Object(Symfony\\Component\\Console\\Input\\ArgvInput), Object(Symfony\\Component\\Console\\Output\\ConsoleOutput))
#21 C:\\laragon\\www\\Real-estate\\vendor\\symfony\\console\\Application.php(175): Symfony\\Component\\Console\\Application->doRun(Object(Symfony\\Component\\Console\\Input\\ArgvInput), Object(Symfony\\Component\\Console\\Output\\ConsoleOutput))
#22 C:\\laragon\\www\\Real-estate\\vendor\\laravel\\framework\\src\\Illuminate\\Foundation\\Console\\Kernel.php(201): Symfony\\Component\\Console\\Application->run(Object(Symfony\\Component\\Console\\Input\\ArgvInput), Object(Symfony\\Component\\Console\\Output\\ConsoleOutput))
#23 C:\\laragon\\www\\Real-estate\\artisan(37): Illuminate\\Foundation\\Console\\Kernel->handle(Object(Symfony\\Component\\Console\\Input\\ArgvInput), Object(Symfony\\Component\\Console\\Output\\ConsoleOutput))
#24 {main}
"} 
[2024-01-25 14:19:02] local.ERROR: App\Jobs\RegistrationAgora::failed(): Argument #1 ($e) must be of type PHPUnit\Event\Code\Throwable, GuzzleHttp\Exception\ClientException given, called in C:\laragon\www\Real-estate\vendor\laravel\framework\src\Illuminate\Queue\CallQueuedHandler.php on line 260 {"exception":"[object] (TypeError(code: 0): App\\Jobs\\RegistrationAgora::failed(): Argument #1 ($e) must be of type PHPUnit\\Event\\Code\\Throwable, GuzzleHttp\\Exception\\ClientException given, called in C:\\laragon\\www\\Real-estate\\vendor\\laravel\\framework\\src\\Illuminate\\Queue\\CallQueuedHandler.php on line 260 at C:\\laragon\\www\\Real-estate\\app\\Jobs\\RegistrationAgora.php:60)
[stacktrace]
#0 C:\\laragon\\www\\Real-estate\\vendor\\laravel\\framework\\src\\Illuminate\\Queue\\CallQueuedHandler.php(260): App\\Jobs\\RegistrationAgora->failed(Object(GuzzleHttp\\Exception\\ClientException))
#1 C:\\laragon\\www\\Real-estate\\vendor\\laravel\\framework\\src\\Illuminate\\Queue\\Jobs\\Job.php(236): Illuminate\\Queue\\CallQueuedHandler->failed(Array, Object(GuzzleHttp\\Exception\\ClientException), '37ba750d-dc35-4...')
#2 C:\\laragon\\www\\Real-estate\\vendor\\laravel\\framework\\src\\Illuminate\\Queue\\Jobs\\Job.php(215): Illuminate\\Queue\\Jobs\\Job->failed(Object(GuzzleHttp\\Exception\\ClientException))
#3 C:\\laragon\\www\\Real-estate\\vendor\\laravel\\framework\\src\\Illuminate\\Queue\\Worker.php(596): Illuminate\\Queue\\Jobs\\Job->fail(Object(GuzzleHttp\\Exception\\ClientException))
#4 C:\\laragon\\www\\Real-estate\\vendor\\laravel\\framework\\src\\Illuminate\\Queue\\Worker.php(542): Illuminate\\Queue\\Worker->failJob(Object(Illuminate\\Queue\\Jobs\\DatabaseJob), Object(GuzzleHttp\\Exception\\ClientException))
#5 C:\\laragon\\www\\Real-estate\\vendor\\laravel\\framework\\src\\Illuminate\\Queue\\Worker.php(466): Illuminate\\Queue\\Worker->markJobAsFailedIfWillExceedMaxAttempts('database', Object(Illuminate\\Queue\\Jobs\\DatabaseJob), 1, Object(GuzzleHttp\\Exception\\ClientException))
#6 C:\\laragon\\www\\Real-estate\\vendor\\laravel\\framework\\src\\Illuminate\\Queue\\Worker.php(443): Illuminate\\Queue\\Worker->handleJobException('database', Object(Illuminate\\Queue\\Jobs\\DatabaseJob), Object(Illuminate\\Queue\\WorkerOptions), Object(GuzzleHttp\\Exception\\ClientException))
#7 C:\\laragon\\www\\Real-estate\\vendor\\laravel\\framework\\src\\Illuminate\\Queue\\Worker.php(389): Illuminate\\Queue\\Worker->process('database', Object(Illuminate\\Queue\\Jobs\\DatabaseJob), Object(Illuminate\\Queue\\WorkerOptions))
#8 C:\\laragon\\www\\Real-estate\\vendor\\laravel\\framework\\src\\Illuminate\\Queue\\Worker.php(176): Illuminate\\Queue\\Worker->runJob(Object(Illuminate\\Queue\\Jobs\\DatabaseJob), 'database', Object(Illuminate\\Queue\\WorkerOptions))
#9 C:\\laragon\\www\\Real-estate\\vendor\\laravel\\framework\\src\\Illuminate\\Queue\\Console\\WorkCommand.php(138): Illuminate\\Queue\\Worker->daemon('database', 'default', Object(Illuminate\\Queue\\WorkerOptions))
#10 C:\\laragon\\www\\Real-estate\\vendor\\laravel\\framework\\src\\Illuminate\\Queue\\Console\\WorkCommand.php(121): Illuminate\\Queue\\Console\\WorkCommand->runWorker('database', 'default')
#11 C:\\laragon\\www\\Real-estate\\vendor\\laravel\\framework\\src\\Illuminate\\Container\\BoundMethod.php(36): Illuminate\\Queue\\Console\\WorkCommand->handle()
#12 C:\\laragon\\www\\Real-estate\\vendor\\laravel\\framework\\src\\Illuminate\\Container\\Util.php(41): Illuminate\\Container\\BoundMethod::Illuminate\\Container\\{closure}()
#13 C:\\laragon\\www\\Real-estate\\vendor\\laravel\\framework\\src\\Illuminate\\Container\\BoundMethod.php(93): Illuminate\\Container\\Util::unwrapIfClosure(Object(Closure))
#14 C:\\laragon\\www\\Real-estate\\vendor\\laravel\\framework\\src\\Illuminate\\Container\\BoundMethod.php(37): Illuminate\\Container\\BoundMethod::callBoundMethod(Object(Illuminate\\Foundation\\Application), Array, Object(Closure))
#15 C:\\laragon\\www\\Real-estate\\vendor\\laravel\\framework\\src\\Illuminate\\Container\\Container.php(662): Illuminate\\Container\\BoundMethod::call(Object(Illuminate\\Foundation\\Application), Array, Array, NULL)
#16 C:\\laragon\\www\\Real-estate\\vendor\\laravel\\framework\\src\\Illuminate\\Console\\Command.php(211): Illuminate\\Container\\Container->call(Array)
#17 C:\\laragon\\www\\Real-estate\\vendor\\symfony\\console\\Command\\Command.php(326): Illuminate\\Console\\Command->execute(Object(Symfony\\Component\\Console\\Input\\ArgvInput), Object(Illuminate\\Console\\OutputStyle))
#18 C:\\laragon\\www\\Real-estate\\vendor\\laravel\\framework\\src\\Illuminate\\Console\\Command.php(181): Symfony\\Component\\Console\\Command\\Command->run(Object(Symfony\\Component\\Console\\Input\\ArgvInput), Object(Illuminate\\Console\\OutputStyle))
#19 C:\\laragon\\www\\Real-estate\\vendor\\symfony\\console\\Application.php(1096): Illuminate\\Console\\Command->run(Object(Symfony\\Component\\Console\\Input\\ArgvInput), Object(Symfony\\Component\\Console\\Output\\ConsoleOutput))
#20 C:\\laragon\\www\\Real-estate\\vendor\\symfony\\console\\Application.php(324): Symfony\\Component\\Console\\Application->doRunCommand(Object(Illuminate\\Queue\\Console\\WorkCommand), Object(Symfony\\Component\\Console\\Input\\ArgvInput), Object(Symfony\\Component\\Console\\Output\\ConsoleOutput))
#21 C:\\laragon\\www\\Real-estate\\vendor\\symfony\\console\\Application.php(175): Symfony\\Component\\Console\\Application->doRun(Object(Symfony\\Component\\Console\\Input\\ArgvInput), Object(Symfony\\Component\\Console\\Output\\ConsoleOutput))
#22 C:\\laragon\\www\\Real-estate\\vendor\\laravel\\framework\\src\\Illuminate\\Foundation\\Console\\Kernel.php(201): Symfony\\Component\\Console\\Application->run(Object(Symfony\\Component\\Console\\Input\\ArgvInput), Object(Symfony\\Component\\Console\\Output\\ConsoleOutput))
#23 C:\\laragon\\www\\Real-estate\\artisan(37): Illuminate\\Foundation\\Console\\Kernel->handle(Object(Symfony\\Component\\Console\\Input\\ArgvInput), Object(Symfony\\Component\\Console\\Output\\ConsoleOutput))
#24 {main}
"} 
[2024-01-25 23:58:50] local.ERROR: App\Jobs\RegistrationAgora::failed(): Argument #1 ($e) must be of type PHPUnit\Event\Code\Throwable, GuzzleHttp\Exception\ClientException given, called in C:\laragon\www\Real-estate\vendor\laravel\framework\src\Illuminate\Queue\CallQueuedHandler.php on line 260 {"exception":"[object] (TypeError(code: 0): App\\Jobs\\RegistrationAgora::failed(): Argument #1 ($e) must be of type PHPUnit\\Event\\Code\\Throwable, GuzzleHttp\\Exception\\ClientException given, called in C:\\laragon\\www\\Real-estate\\vendor\\laravel\\framework\\src\\Illuminate\\Queue\\CallQueuedHandler.php on line 260 at C:\\laragon\\www\\Real-estate\\app\\Jobs\\RegistrationAgora.php:60)
[stacktrace]
#0 C:\\laragon\\www\\Real-estate\\vendor\\laravel\\framework\\src\\Illuminate\\Queue\\CallQueuedHandler.php(260): App\\Jobs\\RegistrationAgora->failed(Object(GuzzleHttp\\Exception\\ClientException))
#1 C:\\laragon\\www\\Real-estate\\vendor\\laravel\\framework\\src\\Illuminate\\Queue\\Jobs\\Job.php(236): Illuminate\\Queue\\CallQueuedHandler->failed(Array, Object(GuzzleHttp\\Exception\\ClientException), '9524eed0-ecba-4...')
#2 C:\\laragon\\www\\Real-estate\\vendor\\laravel\\framework\\src\\Illuminate\\Queue\\Jobs\\Job.php(215): Illuminate\\Queue\\Jobs\\Job->failed(Object(GuzzleHttp\\Exception\\ClientException))
#3 C:\\laragon\\www\\Real-estate\\vendor\\laravel\\framework\\src\\Illuminate\\Queue\\Worker.php(596): Illuminate\\Queue\\Jobs\\Job->fail(Object(GuzzleHttp\\Exception\\ClientException))
#4 C:\\laragon\\www\\Real-estate\\vendor\\laravel\\framework\\src\\Illuminate\\Queue\\Worker.php(542): Illuminate\\Queue\\Worker->failJob(Object(Illuminate\\Queue\\Jobs\\DatabaseJob), Object(GuzzleHttp\\Exception\\ClientException))
#5 C:\\laragon\\www\\Real-estate\\vendor\\laravel\\framework\\src\\Illuminate\\Queue\\Worker.php(466): Illuminate\\Queue\\Worker->markJobAsFailedIfWillExceedMaxAttempts('database', Object(Illuminate\\Queue\\Jobs\\DatabaseJob), 1, Object(GuzzleHttp\\Exception\\ClientException))
#6 C:\\laragon\\www\\Real-estate\\vendor\\laravel\\framework\\src\\Illuminate\\Queue\\Worker.php(443): Illuminate\\Queue\\Worker->handleJobException('database', Object(Illuminate\\Queue\\Jobs\\DatabaseJob), Object(Illuminate\\Queue\\WorkerOptions), Object(GuzzleHttp\\Exception\\ClientException))
#7 C:\\laragon\\www\\Real-estate\\vendor\\laravel\\framework\\src\\Illuminate\\Queue\\Worker.php(389): Illuminate\\Queue\\Worker->process('database', Object(Illuminate\\Queue\\Jobs\\DatabaseJob), Object(Illuminate\\Queue\\WorkerOptions))
#8 C:\\laragon\\www\\Real-estate\\vendor\\laravel\\framework\\src\\Illuminate\\Queue\\Worker.php(176): Illuminate\\Queue\\Worker->runJob(Object(Illuminate\\Queue\\Jobs\\DatabaseJob), 'database', Object(Illuminate\\Queue\\WorkerOptions))
#9 C:\\laragon\\www\\Real-estate\\vendor\\laravel\\framework\\src\\Illuminate\\Queue\\Console\\WorkCommand.php(138): Illuminate\\Queue\\Worker->daemon('database', 'default', Object(Illuminate\\Queue\\WorkerOptions))
#10 C:\\laragon\\www\\Real-estate\\vendor\\laravel\\framework\\src\\Illuminate\\Queue\\Console\\WorkCommand.php(121): Illuminate\\Queue\\Console\\WorkCommand->runWorker('database', 'default')
#11 C:\\laragon\\www\\Real-estate\\vendor\\laravel\\framework\\src\\Illuminate\\Container\\BoundMethod.php(36): Illuminate\\Queue\\Console\\WorkCommand->handle()
#12 C:\\laragon\\www\\Real-estate\\vendor\\laravel\\framework\\src\\Illuminate\\Container\\Util.php(41): Illuminate\\Container\\BoundMethod::Illuminate\\Container\\{closure}()
#13 C:\\laragon\\www\\Real-estate\\vendor\\laravel\\framework\\src\\Illuminate\\Container\\BoundMethod.php(93): Illuminate\\Container\\Util::unwrapIfClosure(Object(Closure))
#14 C:\\laragon\\www\\Real-estate\\vendor\\laravel\\framework\\src\\Illuminate\\Container\\BoundMethod.php(37): Illuminate\\Container\\BoundMethod::callBoundMethod(Object(Illuminate\\Foundation\\Application), Array, Object(Closure))
#15 C:\\laragon\\www\\Real-estate\\vendor\\laravel\\framework\\src\\Illuminate\\Container\\Container.php(662): Illuminate\\Container\\BoundMethod::call(Object(Illuminate\\Foundation\\Application), Array, Array, NULL)
#16 C:\\laragon\\www\\Real-estate\\vendor\\laravel\\framework\\src\\Illuminate\\Console\\Command.php(211): Illuminate\\Container\\Container->call(Array)
#17 C:\\laragon\\www\\Real-estate\\vendor\\symfony\\console\\Command\\Command.php(326): Illuminate\\Console\\Command->execute(Object(Symfony\\Component\\Console\\Input\\ArgvInput), Object(Illuminate\\Console\\OutputStyle))
#18 C:\\laragon\\www\\Real-estate\\vendor\\laravel\\framework\\src\\Illuminate\\Console\\Command.php(181): Symfony\\Component\\Console\\Command\\Command->run(Object(Symfony\\Component\\Console\\Input\\ArgvInput), Object(Illuminate\\Console\\OutputStyle))
#19 C:\\laragon\\www\\Real-estate\\vendor\\symfony\\console\\Application.php(1096): Illuminate\\Console\\Command->run(Object(Symfony\\Component\\Console\\Input\\ArgvInput), Object(Symfony\\Component\\Console\\Output\\ConsoleOutput))
#20 C:\\laragon\\www\\Real-estate\\vendor\\symfony\\console\\Application.php(324): Symfony\\Component\\Console\\Application->doRunCommand(Object(Illuminate\\Queue\\Console\\WorkCommand), Object(Symfony\\Component\\Console\\Input\\ArgvInput), Object(Symfony\\Component\\Console\\Output\\ConsoleOutput))
#21 C:\\laragon\\www\\Real-estate\\vendor\\symfony\\console\\Application.php(175): Symfony\\Component\\Console\\Application->doRun(Object(Symfony\\Component\\Console\\Input\\ArgvInput), Object(Symfony\\Component\\Console\\Output\\ConsoleOutput))
#22 C:\\laragon\\www\\Real-estate\\vendor\\laravel\\framework\\src\\Illuminate\\Foundation\\Console\\Kernel.php(201): Symfony\\Component\\Console\\Application->run(Object(Symfony\\Component\\Console\\Input\\ArgvInput), Object(Symfony\\Component\\Console\\Output\\ConsoleOutput))
#23 C:\\laragon\\www\\Real-estate\\artisan(37): Illuminate\\Foundation\\Console\\Kernel->handle(Object(Symfony\\Component\\Console\\Input\\ArgvInput), Object(Symfony\\Component\\Console\\Output\\ConsoleOutput))
#24 {main}
"} 
[2024-01-25 23:58:52] local.ERROR: App\Jobs\RegistrationAgora::failed(): Argument #1 ($e) must be of type PHPUnit\Event\Code\Throwable, GuzzleHttp\Exception\ClientException given, called in C:\laragon\www\Real-estate\vendor\laravel\framework\src\Illuminate\Queue\CallQueuedHandler.php on line 260 {"exception":"[object] (TypeError(code: 0): App\\Jobs\\RegistrationAgora::failed(): Argument #1 ($e) must be of type PHPUnit\\Event\\Code\\Throwable, GuzzleHttp\\Exception\\ClientException given, called in C:\\laragon\\www\\Real-estate\\vendor\\laravel\\framework\\src\\Illuminate\\Queue\\CallQueuedHandler.php on line 260 at C:\\laragon\\www\\Real-estate\\app\\Jobs\\RegistrationAgora.php:60)
[stacktrace]
#0 C:\\laragon\\www\\Real-estate\\vendor\\laravel\\framework\\src\\Illuminate\\Queue\\CallQueuedHandler.php(260): App\\Jobs\\RegistrationAgora->failed(Object(GuzzleHttp\\Exception\\ClientException))
#1 C:\\laragon\\www\\Real-estate\\vendor\\laravel\\framework\\src\\Illuminate\\Queue\\Jobs\\Job.php(236): Illuminate\\Queue\\CallQueuedHandler->failed(Array, Object(GuzzleHttp\\Exception\\ClientException), 'b9df97ee-d3fd-4...')
#2 C:\\laragon\\www\\Real-estate\\vendor\\laravel\\framework\\src\\Illuminate\\Queue\\Jobs\\Job.php(215): Illuminate\\Queue\\Jobs\\Job->failed(Object(GuzzleHttp\\Exception\\ClientException))
#3 C:\\laragon\\www\\Real-estate\\vendor\\laravel\\framework\\src\\Illuminate\\Queue\\Worker.php(596): Illuminate\\Queue\\Jobs\\Job->fail(Object(GuzzleHttp\\Exception\\ClientException))
#4 C:\\laragon\\www\\Real-estate\\vendor\\laravel\\framework\\src\\Illuminate\\Queue\\Worker.php(542): Illuminate\\Queue\\Worker->failJob(Object(Illuminate\\Queue\\Jobs\\DatabaseJob), Object(GuzzleHttp\\Exception\\ClientException))
#5 C:\\laragon\\www\\Real-estate\\vendor\\laravel\\framework\\src\\Illuminate\\Queue\\Worker.php(466): Illuminate\\Queue\\Worker->markJobAsFailedIfWillExceedMaxAttempts('database', Object(Illuminate\\Queue\\Jobs\\DatabaseJob), 1, Object(GuzzleHttp\\Exception\\ClientException))
#6 C:\\laragon\\www\\Real-estate\\vendor\\laravel\\framework\\src\\Illuminate\\Queue\\Worker.php(443): Illuminate\\Queue\\Worker->handleJobException('database', Object(Illuminate\\Queue\\Jobs\\DatabaseJob), Object(Illuminate\\Queue\\WorkerOptions), Object(GuzzleHttp\\Exception\\ClientException))
#7 C:\\laragon\\www\\Real-estate\\vendor\\laravel\\framework\\src\\Illuminate\\Queue\\Worker.php(389): Illuminate\\Queue\\Worker->process('database', Object(Illuminate\\Queue\\Jobs\\DatabaseJob), Object(Illuminate\\Queue\\WorkerOptions))
#8 C:\\laragon\\www\\Real-estate\\vendor\\laravel\\framework\\src\\Illuminate\\Queue\\Worker.php(176): Illuminate\\Queue\\Worker->runJob(Object(Illuminate\\Queue\\Jobs\\DatabaseJob), 'database', Object(Illuminate\\Queue\\WorkerOptions))
#9 C:\\laragon\\www\\Real-estate\\vendor\\laravel\\framework\\src\\Illuminate\\Queue\\Console\\WorkCommand.php(138): Illuminate\\Queue\\Worker->daemon('database', 'default', Object(Illuminate\\Queue\\WorkerOptions))
#10 C:\\laragon\\www\\Real-estate\\vendor\\laravel\\framework\\src\\Illuminate\\Queue\\Console\\WorkCommand.php(121): Illuminate\\Queue\\Console\\WorkCommand->runWorker('database', 'default')
#11 C:\\laragon\\www\\Real-estate\\vendor\\laravel\\framework\\src\\Illuminate\\Container\\BoundMethod.php(36): Illuminate\\Queue\\Console\\WorkCommand->handle()
#12 C:\\laragon\\www\\Real-estate\\vendor\\laravel\\framework\\src\\Illuminate\\Container\\Util.php(41): Illuminate\\Container\\BoundMethod::Illuminate\\Container\\{closure}()
#13 C:\\laragon\\www\\Real-estate\\vendor\\laravel\\framework\\src\\Illuminate\\Container\\BoundMethod.php(93): Illuminate\\Container\\Util::unwrapIfClosure(Object(Closure))
#14 C:\\laragon\\www\\Real-estate\\vendor\\laravel\\framework\\src\\Illuminate\\Container\\BoundMethod.php(37): Illuminate\\Container\\BoundMethod::callBoundMethod(Object(Illuminate\\Foundation\\Application), Array, Object(Closure))
#15 C:\\laragon\\www\\Real-estate\\vendor\\laravel\\framework\\src\\Illuminate\\Container\\Container.php(662): Illuminate\\Container\\BoundMethod::call(Object(Illuminate\\Foundation\\Application), Array, Array, NULL)
#16 C:\\laragon\\www\\Real-estate\\vendor\\laravel\\framework\\src\\Illuminate\\Console\\Command.php(211): Illuminate\\Container\\Container->call(Array)
#17 C:\\laragon\\www\\Real-estate\\vendor\\symfony\\console\\Command\\Command.php(326): Illuminate\\Console\\Command->execute(Object(Symfony\\Component\\Console\\Input\\ArgvInput), Object(Illuminate\\Console\\OutputStyle))
#18 C:\\laragon\\www\\Real-estate\\vendor\\laravel\\framework\\src\\Illuminate\\Console\\Command.php(181): Symfony\\Component\\Console\\Command\\Command->run(Object(Symfony\\Component\\Console\\Input\\ArgvInput), Object(Illuminate\\Console\\OutputStyle))
#19 C:\\laragon\\www\\Real-estate\\vendor\\symfony\\console\\Application.php(1096): Illuminate\\Console\\Command->run(Object(Symfony\\Component\\Console\\Input\\ArgvInput), Object(Symfony\\Component\\Console\\Output\\ConsoleOutput))
#20 C:\\laragon\\www\\Real-estate\\vendor\\symfony\\console\\Application.php(324): Symfony\\Component\\Console\\Application->doRunCommand(Object(Illuminate\\Queue\\Console\\WorkCommand), Object(Symfony\\Component\\Console\\Input\\ArgvInput), Object(Symfony\\Component\\Console\\Output\\ConsoleOutput))
#21 C:\\laragon\\www\\Real-estate\\vendor\\symfony\\console\\Application.php(175): Symfony\\Component\\Console\\Application->doRun(Object(Symfony\\Component\\Console\\Input\\ArgvInput), Object(Symfony\\Component\\Console\\Output\\ConsoleOutput))
#22 C:\\laragon\\www\\Real-estate\\vendor\\laravel\\framework\\src\\Illuminate\\Foundation\\Console\\Kernel.php(201): Symfony\\Component\\Console\\Application->run(Object(Symfony\\Component\\Console\\Input\\ArgvInput), Object(Symfony\\Component\\Console\\Output\\ConsoleOutput))
#23 C:\\laragon\\www\\Real-estate\\artisan(37): Illuminate\\Foundation\\Console\\Kernel->handle(Object(Symfony\\Component\\Console\\Input\\ArgvInput), Object(Symfony\\Component\\Console\\Output\\ConsoleOutput))
#24 {main}
"} 
[2024-01-25 23:59:59] local.ERROR: App\Jobs\RegistrationAgora::failed(): Argument #1 ($e) must be of type PHPUnit\Event\Code\Throwable, GuzzleHttp\Exception\ClientException given, called in C:\laragon\www\Real-estate\vendor\laravel\framework\src\Illuminate\Queue\CallQueuedHandler.php on line 260 {"exception":"[object] (TypeError(code: 0): App\\Jobs\\RegistrationAgora::failed(): Argument #1 ($e) must be of type PHPUnit\\Event\\Code\\Throwable, GuzzleHttp\\Exception\\ClientException given, called in C:\\laragon\\www\\Real-estate\\vendor\\laravel\\framework\\src\\Illuminate\\Queue\\CallQueuedHandler.php on line 260 at C:\\laragon\\www\\Real-estate\\app\\Jobs\\RegistrationAgora.php:60)
[stacktrace]
#0 C:\\laragon\\www\\Real-estate\\vendor\\laravel\\framework\\src\\Illuminate\\Queue\\CallQueuedHandler.php(260): App\\Jobs\\RegistrationAgora->failed(Object(GuzzleHttp\\Exception\\ClientException))
#1 C:\\laragon\\www\\Real-estate\\vendor\\laravel\\framework\\src\\Illuminate\\Queue\\Jobs\\Job.php(236): Illuminate\\Queue\\CallQueuedHandler->failed(Array, Object(GuzzleHttp\\Exception\\ClientException), '1ad91105-dd8e-4...')
#2 C:\\laragon\\www\\Real-estate\\vendor\\laravel\\framework\\src\\Illuminate\\Queue\\Jobs\\Job.php(215): Illuminate\\Queue\\Jobs\\Job->failed(Object(GuzzleHttp\\Exception\\ClientException))
#3 C:\\laragon\\www\\Real-estate\\vendor\\laravel\\framework\\src\\Illuminate\\Queue\\Worker.php(596): Illuminate\\Queue\\Jobs\\Job->fail(Object(GuzzleHttp\\Exception\\ClientException))
#4 C:\\laragon\\www\\Real-estate\\vendor\\laravel\\framework\\src\\Illuminate\\Queue\\Worker.php(542): Illuminate\\Queue\\Worker->failJob(Object(Illuminate\\Queue\\Jobs\\DatabaseJob), Object(GuzzleHttp\\Exception\\ClientException))
#5 C:\\laragon\\www\\Real-estate\\vendor\\laravel\\framework\\src\\Illuminate\\Queue\\Worker.php(466): Illuminate\\Queue\\Worker->markJobAsFailedIfWillExceedMaxAttempts('database', Object(Illuminate\\Queue\\Jobs\\DatabaseJob), 1, Object(GuzzleHttp\\Exception\\ClientException))
#6 C:\\laragon\\www\\Real-estate\\vendor\\laravel\\framework\\src\\Illuminate\\Queue\\Worker.php(443): Illuminate\\Queue\\Worker->handleJobException('database', Object(Illuminate\\Queue\\Jobs\\DatabaseJob), Object(Illuminate\\Queue\\WorkerOptions), Object(GuzzleHttp\\Exception\\ClientException))
#7 C:\\laragon\\www\\Real-estate\\vendor\\laravel\\framework\\src\\Illuminate\\Queue\\Worker.php(389): Illuminate\\Queue\\Worker->process('database', Object(Illuminate\\Queue\\Jobs\\DatabaseJob), Object(Illuminate\\Queue\\WorkerOptions))
#8 C:\\laragon\\www\\Real-estate\\vendor\\laravel\\framework\\src\\Illuminate\\Queue\\Worker.php(176): Illuminate\\Queue\\Worker->runJob(Object(Illuminate\\Queue\\Jobs\\DatabaseJob), 'database', Object(Illuminate\\Queue\\WorkerOptions))
#9 C:\\laragon\\www\\Real-estate\\vendor\\laravel\\framework\\src\\Illuminate\\Queue\\Console\\WorkCommand.php(138): Illuminate\\Queue\\Worker->daemon('database', 'default', Object(Illuminate\\Queue\\WorkerOptions))
#10 C:\\laragon\\www\\Real-estate\\vendor\\laravel\\framework\\src\\Illuminate\\Queue\\Console\\WorkCommand.php(121): Illuminate\\Queue\\Console\\WorkCommand->runWorker('database', 'default')
#11 C:\\laragon\\www\\Real-estate\\vendor\\laravel\\framework\\src\\Illuminate\\Container\\BoundMethod.php(36): Illuminate\\Queue\\Console\\WorkCommand->handle()
#12 C:\\laragon\\www\\Real-estate\\vendor\\laravel\\framework\\src\\Illuminate\\Container\\Util.php(41): Illuminate\\Container\\BoundMethod::Illuminate\\Container\\{closure}()
#13 C:\\laragon\\www\\Real-estate\\vendor\\laravel\\framework\\src\\Illuminate\\Container\\BoundMethod.php(93): Illuminate\\Container\\Util::unwrapIfClosure(Object(Closure))
#14 C:\\laragon\\www\\Real-estate\\vendor\\laravel\\framework\\src\\Illuminate\\Container\\BoundMethod.php(37): Illuminate\\Container\\BoundMethod::callBoundMethod(Object(Illuminate\\Foundation\\Application), Array, Object(Closure))
#15 C:\\laragon\\www\\Real-estate\\vendor\\laravel\\framework\\src\\Illuminate\\Container\\Container.php(662): Illuminate\\Container\\BoundMethod::call(Object(Illuminate\\Foundation\\Application), Array, Array, NULL)
#16 C:\\laragon\\www\\Real-estate\\vendor\\laravel\\framework\\src\\Illuminate\\Console\\Command.php(211): Illuminate\\Container\\Container->call(Array)
#17 C:\\laragon\\www\\Real-estate\\vendor\\symfony\\console\\Command\\Command.php(326): Illuminate\\Console\\Command->execute(Object(Symfony\\Component\\Console\\Input\\ArgvInput), Object(Illuminate\\Console\\OutputStyle))
#18 C:\\laragon\\www\\Real-estate\\vendor\\laravel\\framework\\src\\Illuminate\\Console\\Command.php(181): Symfony\\Component\\Console\\Command\\Command->run(Object(Symfony\\Component\\Console\\Input\\ArgvInput), Object(Illuminate\\Console\\OutputStyle))
#19 C:\\laragon\\www\\Real-estate\\vendor\\symfony\\console\\Application.php(1096): Illuminate\\Console\\Command->run(Object(Symfony\\Component\\Console\\Input\\ArgvInput), Object(Symfony\\Component\\Console\\Output\\ConsoleOutput))
#20 C:\\laragon\\www\\Real-estate\\vendor\\symfony\\console\\Application.php(324): Symfony\\Component\\Console\\Application->doRunCommand(Object(Illuminate\\Queue\\Console\\WorkCommand), Object(Symfony\\Component\\Console\\Input\\ArgvInput), Object(Symfony\\Component\\Console\\Output\\ConsoleOutput))
#21 C:\\laragon\\www\\Real-estate\\vendor\\symfony\\console\\Application.php(175): Symfony\\Component\\Console\\Application->doRun(Object(Symfony\\Component\\Console\\Input\\ArgvInput), Object(Symfony\\Component\\Console\\Output\\ConsoleOutput))
#22 C:\\laragon\\www\\Real-estate\\vendor\\laravel\\framework\\src\\Illuminate\\Foundation\\Console\\Kernel.php(201): Symfony\\Component\\Console\\Application->run(Object(Symfony\\Component\\Console\\Input\\ArgvInput), Object(Symfony\\Component\\Console\\Output\\ConsoleOutput))
#23 C:\\laragon\\www\\Real-estate\\artisan(37): Illuminate\\Foundation\\Console\\Kernel->handle(Object(Symfony\\Component\\Console\\Input\\ArgvInput), Object(Symfony\\Component\\Console\\Output\\ConsoleOutput))
#24 {main}
"} 
[2024-01-26 00:01:21] local.ERROR: App\Jobs\RegistrationAgora::failed(): Argument #1 ($e) must be of type PHPUnit\Event\Code\Throwable, GuzzleHttp\Exception\ClientException given, called in C:\laragon\www\Real-estate\vendor\laravel\framework\src\Illuminate\Queue\CallQueuedHandler.php on line 260 {"exception":"[object] (TypeError(code: 0): App\\Jobs\\RegistrationAgora::failed(): Argument #1 ($e) must be of type PHPUnit\\Event\\Code\\Throwable, GuzzleHttp\\Exception\\ClientException given, called in C:\\laragon\\www\\Real-estate\\vendor\\laravel\\framework\\src\\Illuminate\\Queue\\CallQueuedHandler.php on line 260 at C:\\laragon\\www\\Real-estate\\app\\Jobs\\RegistrationAgora.php:60)
[stacktrace]
#0 C:\\laragon\\www\\Real-estate\\vendor\\laravel\\framework\\src\\Illuminate\\Queue\\CallQueuedHandler.php(260): App\\Jobs\\RegistrationAgora->failed(Object(GuzzleHttp\\Exception\\ClientException))
#1 C:\\laragon\\www\\Real-estate\\vendor\\laravel\\framework\\src\\Illuminate\\Queue\\Jobs\\Job.php(236): Illuminate\\Queue\\CallQueuedHandler->failed(Array, Object(GuzzleHttp\\Exception\\ClientException), 'fbc7e328-7810-4...')
#2 C:\\laragon\\www\\Real-estate\\vendor\\laravel\\framework\\src\\Illuminate\\Queue\\Jobs\\Job.php(215): Illuminate\\Queue\\Jobs\\Job->failed(Object(GuzzleHttp\\Exception\\ClientException))
#3 C:\\laragon\\www\\Real-estate\\vendor\\laravel\\framework\\src\\Illuminate\\Queue\\Worker.php(596): Illuminate\\Queue\\Jobs\\Job->fail(Object(GuzzleHttp\\Exception\\ClientException))
#4 C:\\laragon\\www\\Real-estate\\vendor\\laravel\\framework\\src\\Illuminate\\Queue\\Worker.php(542): Illuminate\\Queue\\Worker->failJob(Object(Illuminate\\Queue\\Jobs\\DatabaseJob), Object(GuzzleHttp\\Exception\\ClientException))
#5 C:\\laragon\\www\\Real-estate\\vendor\\laravel\\framework\\src\\Illuminate\\Queue\\Worker.php(466): Illuminate\\Queue\\Worker->markJobAsFailedIfWillExceedMaxAttempts('database', Object(Illuminate\\Queue\\Jobs\\DatabaseJob), 1, Object(GuzzleHttp\\Exception\\ClientException))
#6 C:\\laragon\\www\\Real-estate\\vendor\\laravel\\framework\\src\\Illuminate\\Queue\\Worker.php(443): Illuminate\\Queue\\Worker->handleJobException('database', Object(Illuminate\\Queue\\Jobs\\DatabaseJob), Object(Illuminate\\Queue\\WorkerOptions), Object(GuzzleHttp\\Exception\\ClientException))
#7 C:\\laragon\\www\\Real-estate\\vendor\\laravel\\framework\\src\\Illuminate\\Queue\\Worker.php(389): Illuminate\\Queue\\Worker->process('database', Object(Illuminate\\Queue\\Jobs\\DatabaseJob), Object(Illuminate\\Queue\\WorkerOptions))
#8 C:\\laragon\\www\\Real-estate\\vendor\\laravel\\framework\\src\\Illuminate\\Queue\\Worker.php(176): Illuminate\\Queue\\Worker->runJob(Object(Illuminate\\Queue\\Jobs\\DatabaseJob), 'database', Object(Illuminate\\Queue\\WorkerOptions))
#9 C:\\laragon\\www\\Real-estate\\vendor\\laravel\\framework\\src\\Illuminate\\Queue\\Console\\WorkCommand.php(138): Illuminate\\Queue\\Worker->daemon('database', 'default', Object(Illuminate\\Queue\\WorkerOptions))
#10 C:\\laragon\\www\\Real-estate\\vendor\\laravel\\framework\\src\\Illuminate\\Queue\\Console\\WorkCommand.php(121): Illuminate\\Queue\\Console\\WorkCommand->runWorker('database', 'default')
#11 C:\\laragon\\www\\Real-estate\\vendor\\laravel\\framework\\src\\Illuminate\\Container\\BoundMethod.php(36): Illuminate\\Queue\\Console\\WorkCommand->handle()
#12 C:\\laragon\\www\\Real-estate\\vendor\\laravel\\framework\\src\\Illuminate\\Container\\Util.php(41): Illuminate\\Container\\BoundMethod::Illuminate\\Container\\{closure}()
#13 C:\\laragon\\www\\Real-estate\\vendor\\laravel\\framework\\src\\Illuminate\\Container\\BoundMethod.php(93): Illuminate\\Container\\Util::unwrapIfClosure(Object(Closure))
#14 C:\\laragon\\www\\Real-estate\\vendor\\laravel\\framework\\src\\Illuminate\\Container\\BoundMethod.php(37): Illuminate\\Container\\BoundMethod::callBoundMethod(Object(Illuminate\\Foundation\\Application), Array, Object(Closure))
#15 C:\\laragon\\www\\Real-estate\\vendor\\laravel\\framework\\src\\Illuminate\\Container\\Container.php(662): Illuminate\\Container\\BoundMethod::call(Object(Illuminate\\Foundation\\Application), Array, Array, NULL)
#16 C:\\laragon\\www\\Real-estate\\vendor\\laravel\\framework\\src\\Illuminate\\Console\\Command.php(211): Illuminate\\Container\\Container->call(Array)
#17 C:\\laragon\\www\\Real-estate\\vendor\\symfony\\console\\Command\\Command.php(326): Illuminate\\Console\\Command->execute(Object(Symfony\\Component\\Console\\Input\\ArgvInput), Object(Illuminate\\Console\\OutputStyle))
#18 C:\\laragon\\www\\Real-estate\\vendor\\laravel\\framework\\src\\Illuminate\\Console\\Command.php(181): Symfony\\Component\\Console\\Command\\Command->run(Object(Symfony\\Component\\Console\\Input\\ArgvInput), Object(Illuminate\\Console\\OutputStyle))
#19 C:\\laragon\\www\\Real-estate\\vendor\\symfony\\console\\Application.php(1096): Illuminate\\Console\\Command->run(Object(Symfony\\Component\\Console\\Input\\ArgvInput), Object(Symfony\\Component\\Console\\Output\\ConsoleOutput))
#20 C:\\laragon\\www\\Real-estate\\vendor\\symfony\\console\\Application.php(324): Symfony\\Component\\Console\\Application->doRunCommand(Object(Illuminate\\Queue\\Console\\WorkCommand), Object(Symfony\\Component\\Console\\Input\\ArgvInput), Object(Symfony\\Component\\Console\\Output\\ConsoleOutput))
#21 C:\\laragon\\www\\Real-estate\\vendor\\symfony\\console\\Application.php(175): Symfony\\Component\\Console\\Application->doRun(Object(Symfony\\Component\\Console\\Input\\ArgvInput), Object(Symfony\\Component\\Console\\Output\\ConsoleOutput))
#22 C:\\laragon\\www\\Real-estate\\vendor\\laravel\\framework\\src\\Illuminate\\Foundation\\Console\\Kernel.php(201): Symfony\\Component\\Console\\Application->run(Object(Symfony\\Component\\Console\\Input\\ArgvInput), Object(Symfony\\Component\\Console\\Output\\ConsoleOutput))
#23 C:\\laragon\\www\\Real-estate\\artisan(37): Illuminate\\Foundation\\Console\\Kernel->handle(Object(Symfony\\Component\\Console\\Input\\ArgvInput), Object(Symfony\\Component\\Console\\Output\\ConsoleOutput))
#24 {main}
"} 
